[2023-09-19 18:26:59,908] INFO Kafka Connect stopping (org.apache.kafka.connect.runtime.Connect:67)
[2023-09-19 18:26:59,949] INFO Stopping REST server (org.apache.kafka.connect.runtime.rest.RestServer:327)
[2023-09-19 18:26:59,997] INFO Stopped http_8083@4682eba5{HTTP/1.1, (http/1.1)}{0.0.0.0:8083} (org.eclipse.jetty.server.AbstractConnector:381)
[2023-09-19 18:27:00,004] INFO node0 Stopped scavenging (org.eclipse.jetty.server.session:149)
[2023-09-19 18:27:00,012] INFO REST server stopped (org.apache.kafka.connect.runtime.rest.RestServer:344)
[2023-09-19 18:27:00,013] INFO [Worker clientId=connect-1, groupId=connect-cluster] Herder stopping (org.apache.kafka.connect.runtime.distributed.DistributedHerder:682)
[2023-09-19 18:27:00,014] INFO [Worker clientId=connect-1, groupId=connect-cluster] Stopping connectors and tasks that are still assigned to this worker. (org.apache.kafka.connect.runtime.distributed.DistributedHerder:656)
[2023-09-19 18:27:00,015] INFO [Worker clientId=connect-1, groupId=connect-cluster] Member connect-1-1093e593-990b-4436-bfa2-8a6eeaf99301 sending LeaveGroup request to coordinator localhost:9092 (id: 2147483647 rack: null) due to the consumer is being closed (org.apache.kafka.clients.consumer.internals.AbstractCoordinator:1029)
[2023-09-19 18:27:00,017] WARN [Worker clientId=connect-1, groupId=connect-cluster] Close timed out with 1 pending requests to coordinator, terminating client connections (org.apache.kafka.clients.consumer.internals.AbstractCoordinator:1010)
[2023-09-19 18:27:00,018] INFO Metrics scheduler closed (org.apache.kafka.common.metrics.Metrics:668)
[2023-09-19 18:27:00,018] INFO Closing reporter org.apache.kafka.common.metrics.JmxReporter (org.apache.kafka.common.metrics.Metrics:672)
[2023-09-19 18:27:00,021] INFO Metrics reporters closed (org.apache.kafka.common.metrics.Metrics:678)
[2023-09-19 18:27:00,039] INFO App info kafka.connect for connect-1 unregistered (org.apache.kafka.common.utils.AppInfoParser:83)
[2023-09-19 18:27:00,040] INFO Stopping KafkaBasedLog for topic connect-status (org.apache.kafka.connect.util.KafkaBasedLog:170)
[2023-09-19 18:27:00,044] INFO [Producer clientId=producer-2] Closing the Kafka producer with timeoutMillis = 9223372036854775807 ms. (org.apache.kafka.clients.producer.KafkaProducer:1205)
[2023-09-19 18:27:00,055] INFO Metrics scheduler closed (org.apache.kafka.common.metrics.Metrics:668)
[2023-09-19 18:27:00,055] INFO Closing reporter org.apache.kafka.common.metrics.JmxReporter (org.apache.kafka.common.metrics.Metrics:672)
[2023-09-19 18:27:00,055] INFO Metrics reporters closed (org.apache.kafka.common.metrics.Metrics:678)
[2023-09-19 18:27:00,057] INFO App info kafka.producer for producer-2 unregistered (org.apache.kafka.common.utils.AppInfoParser:83)
[2023-09-19 18:27:00,060] INFO Metrics scheduler closed (org.apache.kafka.common.metrics.Metrics:668)
[2023-09-19 18:27:00,060] INFO Closing reporter org.apache.kafka.common.metrics.JmxReporter (org.apache.kafka.common.metrics.Metrics:672)
[2023-09-19 18:27:00,061] INFO Metrics reporters closed (org.apache.kafka.common.metrics.Metrics:678)
[2023-09-19 18:27:00,062] INFO App info kafka.consumer for consumer-connect-cluster-2 unregistered (org.apache.kafka.common.utils.AppInfoParser:83)
[2023-09-19 18:27:00,063] INFO Stopped KafkaBasedLog for topic connect-status (org.apache.kafka.connect.util.KafkaBasedLog:196)
[2023-09-19 18:27:00,063] INFO Closing KafkaConfigBackingStore (org.apache.kafka.connect.storage.KafkaConfigBackingStore:285)
[2023-09-19 18:27:00,063] INFO Stopping KafkaBasedLog for topic connect-configs (org.apache.kafka.connect.util.KafkaBasedLog:170)
[2023-09-19 18:27:00,064] INFO [Producer clientId=producer-3] Closing the Kafka producer with timeoutMillis = 9223372036854775807 ms. (org.apache.kafka.clients.producer.KafkaProducer:1205)
[2023-09-19 18:27:00,066] INFO Metrics scheduler closed (org.apache.kafka.common.metrics.Metrics:668)
[2023-09-19 18:27:00,066] INFO Closing reporter org.apache.kafka.common.metrics.JmxReporter (org.apache.kafka.common.metrics.Metrics:672)
[2023-09-19 18:27:00,067] INFO Metrics reporters closed (org.apache.kafka.common.metrics.Metrics:678)
[2023-09-19 18:27:00,067] INFO App info kafka.producer for producer-3 unregistered (org.apache.kafka.common.utils.AppInfoParser:83)
[2023-09-19 18:27:00,068] INFO Metrics scheduler closed (org.apache.kafka.common.metrics.Metrics:668)
[2023-09-19 18:27:00,069] INFO Closing reporter org.apache.kafka.common.metrics.JmxReporter (org.apache.kafka.common.metrics.Metrics:672)
[2023-09-19 18:27:00,069] INFO Metrics reporters closed (org.apache.kafka.common.metrics.Metrics:678)
[2023-09-19 18:27:00,071] INFO App info kafka.consumer for consumer-connect-cluster-3 unregistered (org.apache.kafka.common.utils.AppInfoParser:83)
[2023-09-19 18:27:00,071] INFO Stopped KafkaBasedLog for topic connect-configs (org.apache.kafka.connect.util.KafkaBasedLog:196)
[2023-09-19 18:27:00,071] INFO Closed KafkaConfigBackingStore (org.apache.kafka.connect.storage.KafkaConfigBackingStore:287)
[2023-09-19 18:27:00,071] INFO Worker stopping (org.apache.kafka.connect.runtime.Worker:209)
[2023-09-19 18:27:00,072] INFO Stopping KafkaOffsetBackingStore (org.apache.kafka.connect.storage.KafkaOffsetBackingStore:134)
[2023-09-19 18:27:00,073] INFO Stopping KafkaBasedLog for topic connect-offsets (org.apache.kafka.connect.util.KafkaBasedLog:170)
[2023-09-19 18:27:00,074] INFO [Producer clientId=producer-1] Closing the Kafka producer with timeoutMillis = 9223372036854775807 ms. (org.apache.kafka.clients.producer.KafkaProducer:1205)
[2023-09-19 18:27:00,077] INFO Metrics scheduler closed (org.apache.kafka.common.metrics.Metrics:668)
[2023-09-19 18:27:00,077] INFO Closing reporter org.apache.kafka.common.metrics.JmxReporter (org.apache.kafka.common.metrics.Metrics:672)
[2023-09-19 18:27:00,078] INFO Metrics reporters closed (org.apache.kafka.common.metrics.Metrics:678)
[2023-09-19 18:27:00,079] INFO App info kafka.producer for producer-1 unregistered (org.apache.kafka.common.utils.AppInfoParser:83)
[2023-09-19 18:27:00,080] INFO Metrics scheduler closed (org.apache.kafka.common.metrics.Metrics:668)
[2023-09-19 18:27:00,080] INFO Closing reporter org.apache.kafka.common.metrics.JmxReporter (org.apache.kafka.common.metrics.Metrics:672)
[2023-09-19 18:27:00,080] INFO Metrics reporters closed (org.apache.kafka.common.metrics.Metrics:678)
[2023-09-19 18:27:00,081] INFO App info kafka.consumer for consumer-connect-cluster-1 unregistered (org.apache.kafka.common.utils.AppInfoParser:83)
[2023-09-19 18:27:00,082] INFO Stopped KafkaBasedLog for topic connect-offsets (org.apache.kafka.connect.util.KafkaBasedLog:196)
[2023-09-19 18:27:00,082] INFO Stopped KafkaOffsetBackingStore (org.apache.kafka.connect.storage.KafkaOffsetBackingStore:136)
[2023-09-19 18:27:00,082] INFO Metrics scheduler closed (org.apache.kafka.common.metrics.Metrics:668)
[2023-09-19 18:27:00,082] INFO Closing reporter org.apache.kafka.common.metrics.JmxReporter (org.apache.kafka.common.metrics.Metrics:672)
[2023-09-19 18:27:00,083] INFO Metrics reporters closed (org.apache.kafka.common.metrics.Metrics:678)
[2023-09-19 18:27:00,085] INFO App info kafka.connect for 218.38.137.27:8083 unregistered (org.apache.kafka.common.utils.AppInfoParser:83)
[2023-09-19 18:27:00,085] INFO Worker stopped (org.apache.kafka.connect.runtime.Worker:230)
[2023-09-19 18:27:00,091] INFO [Worker clientId=connect-1, groupId=connect-cluster] Herder stopped (org.apache.kafka.connect.runtime.distributed.DistributedHerder:300)
[2023-09-19 18:27:00,094] INFO [Worker clientId=connect-1, groupId=connect-cluster] Herder stopped (org.apache.kafka.connect.runtime.distributed.DistributedHerder:702)
[2023-09-19 18:27:00,094] INFO Kafka Connect stopped (org.apache.kafka.connect.runtime.Connect:72)
