[2023-09-20T13:42:10.441+0900][gc,heap] Heap region size: 1M
[2023-09-20T13:42:10.448+0900][gc     ] Using G1
[2023-09-20T13:42:10.448+0900][gc,heap,coops] Heap address: 0x00000007c0000000, size: 1024 MB, Compressed Oops mode: Zero based, Oop shift amount: 3
[2023-09-20T13:42:11.678+0900][gc,start     ] GC(0) Pause Young (Concurrent Start) (Metadata GC Threshold)
[2023-09-20T13:42:11.678+0900][gc,task      ] GC(0) Using 8 workers of 8 for evacuation
[2023-09-20T13:42:11.693+0900][gc,phases    ] GC(0)   Pre Evacuate Collection Set: 0.0ms
[2023-09-20T13:42:11.693+0900][gc,phases    ] GC(0)   Evacuate Collection Set: 14.1ms
[2023-09-20T13:42:11.693+0900][gc,phases    ] GC(0)   Post Evacuate Collection Set: 0.5ms
[2023-09-20T13:42:11.693+0900][gc,phases    ] GC(0)   Other: 0.7ms
[2023-09-20T13:42:11.693+0900][gc,heap      ] GC(0) Eden regions: 47->0(44)
[2023-09-20T13:42:11.693+0900][gc,heap      ] GC(0) Survivor regions: 0->7(7)
[2023-09-20T13:42:11.693+0900][gc,heap      ] GC(0) Old regions: 0->0
[2023-09-20T13:42:11.693+0900][gc,heap      ] GC(0) Humongous regions: 0->0
[2023-09-20T13:42:11.693+0900][gc,metaspace ] GC(0) Metaspace: 20693K->20693K(1069056K)
[2023-09-20T13:42:11.694+0900][gc           ] GC(0) Pause Young (Concurrent Start) (Metadata GC Threshold) 46M->6M(1024M) 15.470ms
[2023-09-20T13:42:11.694+0900][gc,cpu       ] GC(0) User=0.03s Sys=0.02s Real=0.02s
[2023-09-20T13:42:11.694+0900][gc           ] GC(1) Concurrent Cycle
[2023-09-20T13:42:11.694+0900][gc,marking   ] GC(1) Concurrent Clear Claimed Marks
[2023-09-20T13:42:11.694+0900][gc,marking   ] GC(1) Concurrent Clear Claimed Marks 0.021ms
[2023-09-20T13:42:11.694+0900][gc,marking   ] GC(1) Concurrent Scan Root Regions
[2023-09-20T13:42:11.696+0900][gc,marking   ] GC(1) Concurrent Scan Root Regions 1.812ms
[2023-09-20T13:42:11.696+0900][gc,marking   ] GC(1) Concurrent Mark (1.263s)
[2023-09-20T13:42:11.696+0900][gc,marking   ] GC(1) Concurrent Mark From Roots
[2023-09-20T13:42:11.696+0900][gc,task      ] GC(1) Using 2 workers of 2 for marking
[2023-09-20T13:42:11.699+0900][gc,marking   ] GC(1) Concurrent Mark From Roots 2.334ms
[2023-09-20T13:42:11.699+0900][gc,marking   ] GC(1) Concurrent Preclean
[2023-09-20T13:42:11.699+0900][gc,marking   ] GC(1) Concurrent Preclean 0.025ms
[2023-09-20T13:42:11.699+0900][gc,marking   ] GC(1) Concurrent Mark (1.263s, 1.266s) 2.397ms
[2023-09-20T13:42:11.699+0900][gc,start     ] GC(1) Pause Remark
[2023-09-20T13:42:11.703+0900][gc,stringtable] GC(1) Cleaned string and symbol table, strings: 7395 processed, 0 removed, symbols: 64830 processed, 34 removed
[2023-09-20T13:42:11.704+0900][gc            ] GC(1) Pause Remark 7M->7M(1024M) 4.287ms
[2023-09-20T13:42:11.704+0900][gc,cpu        ] GC(1) User=0.01s Sys=0.01s Real=0.01s
[2023-09-20T13:42:11.704+0900][gc,marking    ] GC(1) Concurrent Rebuild Remembered Sets
[2023-09-20T13:42:11.704+0900][gc,marking    ] GC(1) Concurrent Rebuild Remembered Sets 0.073ms
[2023-09-20T13:42:11.704+0900][gc,start      ] GC(1) Pause Cleanup
[2023-09-20T13:42:11.704+0900][gc            ] GC(1) Pause Cleanup 7M->7M(1024M) 0.174ms
[2023-09-20T13:42:11.704+0900][gc,cpu        ] GC(1) User=0.00s Sys=0.00s Real=0.00s
[2023-09-20T13:42:11.704+0900][gc,marking    ] GC(1) Concurrent Cleanup for Next Mark
[2023-09-20T13:42:11.709+0900][gc,marking    ] GC(1) Concurrent Cleanup for Next Mark 4.518ms
[2023-09-20T13:42:11.709+0900][gc            ] GC(1) Concurrent Cycle 14.731ms
[2023-09-20T13:42:12.699+0900][gc,start      ] GC(2) Pause Young (Normal) (G1 Evacuation Pause)
[2023-09-20T13:42:12.700+0900][gc,task       ] GC(2) Using 8 workers of 8 for evacuation
[2023-09-20T13:42:12.717+0900][gc,phases     ] GC(2)   Pre Evacuate Collection Set: 0.0ms
[2023-09-20T13:42:12.717+0900][gc,phases     ] GC(2)   Evacuate Collection Set: 17.4ms
[2023-09-20T13:42:12.717+0900][gc,phases     ] GC(2)   Post Evacuate Collection Set: 0.4ms
[2023-09-20T13:42:12.718+0900][gc,phases     ] GC(2)   Other: 0.1ms
[2023-09-20T13:42:12.718+0900][gc,heap       ] GC(2) Eden regions: 44->0(49)
[2023-09-20T13:42:12.718+0900][gc,heap       ] GC(2) Survivor regions: 7->2(7)
[2023-09-20T13:42:12.718+0900][gc,heap       ] GC(2) Old regions: 0->7
[2023-09-20T13:42:12.718+0900][gc,heap       ] GC(2) Humongous regions: 0->0
[2023-09-20T13:42:12.718+0900][gc,metaspace  ] GC(2) Metaspace: 29655K->29655K(1077248K)
[2023-09-20T13:42:12.718+0900][gc            ] GC(2) Pause Young (Normal) (G1 Evacuation Pause) 50M->8M(1024M) 18.111ms
[2023-09-20T13:42:12.718+0900][gc,cpu        ] GC(2) User=0.06s Sys=0.03s Real=0.02s
[2023-09-20T13:42:15.122+0900][gc,start      ] GC(3) Pause Young (Concurrent Start) (Metadata GC Threshold)
[2023-09-20T13:42:15.122+0900][gc,task       ] GC(3) Using 8 workers of 8 for evacuation
[2023-09-20T13:42:15.129+0900][gc,phases     ] GC(3)   Pre Evacuate Collection Set: 0.0ms
[2023-09-20T13:42:15.129+0900][gc,phases     ] GC(3)   Evacuate Collection Set: 6.3ms
[2023-09-20T13:42:15.129+0900][gc,phases     ] GC(3)   Post Evacuate Collection Set: 0.2ms
[2023-09-20T13:42:15.129+0900][gc,phases     ] GC(3)   Other: 0.2ms
[2023-09-20T13:42:15.129+0900][gc,heap       ] GC(3) Eden regions: 40->0(47)
[2023-09-20T13:42:15.129+0900][gc,heap       ] GC(3) Survivor regions: 2->4(7)
[2023-09-20T13:42:15.129+0900][gc,heap       ] GC(3) Old regions: 7->7
[2023-09-20T13:42:15.129+0900][gc,heap       ] GC(3) Humongous regions: 129->129
[2023-09-20T13:42:15.129+0900][gc,metaspace  ] GC(3) Metaspace: 34938K->34938K(1081344K)
[2023-09-20T13:42:15.129+0900][gc            ] GC(3) Pause Young (Concurrent Start) (Metadata GC Threshold) 177M->139M(1024M) 6.863ms
[2023-09-20T13:42:15.129+0900][gc,cpu        ] GC(3) User=0.04s Sys=0.01s Real=0.00s
[2023-09-20T13:42:15.129+0900][gc            ] GC(4) Concurrent Cycle
[2023-09-20T13:42:15.129+0900][gc,marking    ] GC(4) Concurrent Clear Claimed Marks
[2023-09-20T13:42:15.129+0900][gc,marking    ] GC(4) Concurrent Clear Claimed Marks 0.016ms
[2023-09-20T13:42:15.129+0900][gc,marking    ] GC(4) Concurrent Scan Root Regions
[2023-09-20T13:42:15.130+0900][gc,marking    ] GC(4) Concurrent Scan Root Regions 1.119ms
[2023-09-20T13:42:15.130+0900][gc,marking    ] GC(4) Concurrent Mark (4.697s)
[2023-09-20T13:42:15.130+0900][gc,marking    ] GC(4) Concurrent Mark From Roots
[2023-09-20T13:42:15.130+0900][gc,task       ] GC(4) Using 2 workers of 2 for marking
[2023-09-20T13:42:15.134+0900][gc,marking    ] GC(4) Concurrent Mark From Roots 3.553ms
[2023-09-20T13:42:15.134+0900][gc,marking    ] GC(4) Concurrent Preclean
[2023-09-20T13:42:15.134+0900][gc,marking    ] GC(4) Concurrent Preclean 0.044ms
[2023-09-20T13:42:15.134+0900][gc,marking    ] GC(4) Concurrent Mark (4.697s, 4.701s) 3.626ms
[2023-09-20T13:42:15.134+0900][gc,start      ] GC(4) Pause Remark
[2023-09-20T13:42:15.145+0900][gc,stringtable] GC(4) Cleaned string and symbol table, strings: 11142 processed, 11 removed, symbols: 97901 processed, 23 removed
[2023-09-20T13:42:15.145+0900][gc            ] GC(4) Pause Remark 140M->140M(1024M) 10.919ms
[2023-09-20T13:42:15.145+0900][gc,cpu        ] GC(4) User=0.02s Sys=0.02s Real=0.01s
[2023-09-20T13:42:15.145+0900][gc,marking    ] GC(4) Concurrent Rebuild Remembered Sets
[2023-09-20T13:42:15.147+0900][gc,marking    ] GC(4) Concurrent Rebuild Remembered Sets 2.215ms
[2023-09-20T13:42:15.148+0900][gc,start      ] GC(4) Pause Cleanup
[2023-09-20T13:42:15.148+0900][gc            ] GC(4) Pause Cleanup 140M->140M(1024M) 0.161ms
[2023-09-20T13:42:15.148+0900][gc,cpu        ] GC(4) User=0.00s Sys=0.00s Real=0.00s
[2023-09-20T13:42:15.148+0900][gc,marking    ] GC(4) Concurrent Cleanup for Next Mark
[2023-09-20T13:42:15.153+0900][gc,marking    ] GC(4) Concurrent Cleanup for Next Mark 5.291ms
[2023-09-20T13:42:15.153+0900][gc            ] GC(4) Concurrent Cycle 24.152ms
[2023-09-20T13:42:15.711+0900][gc,start      ] GC(5) Pause Young (Normal) (G1 Evacuation Pause)
[2023-09-20T13:42:15.711+0900][gc,task       ] GC(5) Using 8 workers of 8 for evacuation
[2023-09-20T13:42:15.723+0900][gc,phases     ] GC(5)   Pre Evacuate Collection Set: 0.0ms
[2023-09-20T13:42:15.724+0900][gc,phases     ] GC(5)   Evacuate Collection Set: 11.7ms
[2023-09-20T13:42:15.724+0900][gc,phases     ] GC(5)   Post Evacuate Collection Set: 0.4ms
[2023-09-20T13:42:15.724+0900][gc,phases     ] GC(5)   Other: 0.1ms
[2023-09-20T13:42:15.724+0900][gc,heap       ] GC(5) Eden regions: 47->0(44)
[2023-09-20T13:42:15.724+0900][gc,heap       ] GC(5) Survivor regions: 4->7(7)
[2023-09-20T13:42:15.724+0900][gc,heap       ] GC(5) Old regions: 7->7
[2023-09-20T13:42:15.724+0900][gc,heap       ] GC(5) Humongous regions: 129->129
[2023-09-20T13:42:15.724+0900][gc,metaspace  ] GC(5) Metaspace: 42764K->42764K(1087488K)
[2023-09-20T13:42:15.724+0900][gc            ] GC(5) Pause Young (Normal) (G1 Evacuation Pause) 186M->142M(1024M) 12.280ms
[2023-09-20T13:42:15.724+0900][gc,cpu        ] GC(5) User=0.04s Sys=0.01s Real=0.01s
[2023-09-20T13:42:18.217+0900][gc,start      ] GC(6) Pause Young (Normal) (G1 Evacuation Pause)
[2023-09-20T13:42:18.217+0900][gc,task       ] GC(6) Using 8 workers of 8 for evacuation
[2023-09-20T13:42:18.233+0900][gc,phases     ] GC(6)   Pre Evacuate Collection Set: 0.0ms
[2023-09-20T13:42:18.233+0900][gc,phases     ] GC(6)   Evacuate Collection Set: 14.9ms
[2023-09-20T13:42:18.233+0900][gc,phases     ] GC(6)   Post Evacuate Collection Set: 0.8ms
[2023-09-20T13:42:18.233+0900][gc,phases     ] GC(6)   Other: 0.4ms
[2023-09-20T13:42:18.233+0900][gc,heap       ] GC(6) Eden regions: 44->0(48)
[2023-09-20T13:42:18.233+0900][gc,heap       ] GC(6) Survivor regions: 7->3(7)
[2023-09-20T13:42:18.233+0900][gc,heap       ] GC(6) Old regions: 7->14
[2023-09-20T13:42:18.233+0900][gc,heap       ] GC(6) Humongous regions: 147->129
[2023-09-20T13:42:18.233+0900][gc,metaspace  ] GC(6) Metaspace: 49115K->49115K(1093632K)
[2023-09-20T13:42:18.233+0900][gc            ] GC(6) Pause Young (Normal) (G1 Evacuation Pause) 204M->145M(1024M) 16.347ms
[2023-09-20T13:42:18.233+0900][gc,cpu        ] GC(6) User=0.07s Sys=0.02s Real=0.02s
[2023-09-20T13:53:33.056+0900][gc,start      ] GC(7) Pause Young (Normal) (G1 Evacuation Pause)
[2023-09-20T13:53:33.065+0900][gc,task       ] GC(7) Using 8 workers of 8 for evacuation
[2023-09-20T13:53:33.115+0900][gc,mmu        ] GC(7) MMU target violated: 21.0ms (20.0ms/21.0ms)
[2023-09-20T13:53:33.115+0900][gc,phases     ] GC(7)   Pre Evacuate Collection Set: 1.1ms
[2023-09-20T13:53:33.115+0900][gc,phases     ] GC(7)   Evacuate Collection Set: 47.5ms
[2023-09-20T13:53:33.115+0900][gc,phases     ] GC(7)   Post Evacuate Collection Set: 0.7ms
[2023-09-20T13:53:33.115+0900][gc,phases     ] GC(7)   Other: 11.2ms
[2023-09-20T13:53:33.115+0900][gc,heap       ] GC(7) Eden regions: 48->0(46)
[2023-09-20T13:53:33.115+0900][gc,heap       ] GC(7) Survivor regions: 3->5(7)
[2023-09-20T13:53:33.115+0900][gc,heap       ] GC(7) Old regions: 14->14
[2023-09-20T13:53:33.115+0900][gc,heap       ] GC(7) Humongous regions: 129->129
[2023-09-20T13:53:33.116+0900][gc,metaspace  ] GC(7) Metaspace: 51290K->51290K(1095680K)
[2023-09-20T13:53:33.116+0900][gc            ] GC(7) Pause Young (Normal) (G1 Evacuation Pause) 193M->147M(1024M) 60.304ms
[2023-09-20T13:53:33.116+0900][gc,cpu        ] GC(7) User=0.08s Sys=0.10s Real=0.06s
[2023-09-20T14:06:17.310+0900][gc,start      ] GC(8) Pause Young (Normal) (G1 Evacuation Pause)
[2023-09-20T14:06:17.312+0900][gc,task       ] GC(8) Using 8 workers of 8 for evacuation
[2023-09-20T14:06:17.346+0900][gc,mmu        ] GC(8) MMU target violated: 21.0ms (20.0ms/21.0ms)
[2023-09-20T14:06:17.346+0900][gc,phases     ] GC(8)   Pre Evacuate Collection Set: 0.9ms
[2023-09-20T14:06:17.346+0900][gc,phases     ] GC(8)   Evacuate Collection Set: 31.8ms
[2023-09-20T14:06:17.346+0900][gc,phases     ] GC(8)   Post Evacuate Collection Set: 0.4ms
[2023-09-20T14:06:17.346+0900][gc,phases     ] GC(8)   Other: 3.0ms
[2023-09-20T14:06:17.346+0900][gc,heap       ] GC(8) Eden regions: 46->0(47)
[2023-09-20T14:06:17.346+0900][gc,heap       ] GC(8) Survivor regions: 5->4(7)
[2023-09-20T14:06:17.346+0900][gc,heap       ] GC(8) Old regions: 14->17
[2023-09-20T14:06:17.346+0900][gc,heap       ] GC(8) Humongous regions: 129->129
[2023-09-20T14:06:17.346+0900][gc,metaspace  ] GC(8) Metaspace: 51408K->51408K(1095680K)
[2023-09-20T14:06:17.346+0900][gc            ] GC(8) Pause Young (Normal) (G1 Evacuation Pause) 193M->148M(1024M) 36.080ms
[2023-09-20T14:06:17.346+0900][gc,cpu        ] GC(8) User=0.06s Sys=0.06s Real=0.03s
[2023-09-20T14:20:08.102+0900][gc,start      ] GC(9) Pause Young (Normal) (G1 Evacuation Pause)
[2023-09-20T14:20:08.102+0900][gc,task       ] GC(9) Using 8 workers of 8 for evacuation
[2023-09-20T14:20:08.137+0900][gc,mmu        ] GC(9) MMU target violated: 21.0ms (20.0ms/21.0ms)
[2023-09-20T14:20:08.138+0900][gc,phases     ] GC(9)   Pre Evacuate Collection Set: 1.1ms
[2023-09-20T14:20:08.138+0900][gc,phases     ] GC(9)   Evacuate Collection Set: 32.7ms
[2023-09-20T14:20:08.138+0900][gc,phases     ] GC(9)   Post Evacuate Collection Set: 0.6ms
[2023-09-20T14:20:08.138+0900][gc,phases     ] GC(9)   Other: 1.6ms
[2023-09-20T14:20:08.138+0900][gc,heap       ] GC(9) Eden regions: 47->0(48)
[2023-09-20T14:20:08.138+0900][gc,heap       ] GC(9) Survivor regions: 4->3(7)
[2023-09-20T14:20:08.138+0900][gc,heap       ] GC(9) Old regions: 17->17
[2023-09-20T14:20:08.138+0900][gc,heap       ] GC(9) Humongous regions: 129->129
[2023-09-20T14:20:08.138+0900][gc,metaspace  ] GC(9) Metaspace: 51463K->51463K(1095680K)
[2023-09-20T14:20:08.138+0900][gc            ] GC(9) Pause Young (Normal) (G1 Evacuation Pause) 195M->148M(1024M) 35.906ms
[2023-09-20T14:20:08.138+0900][gc,cpu        ] GC(9) User=0.11s Sys=0.04s Real=0.03s
[2023-09-20T14:34:45.161+0900][gc,start      ] GC(10) Pause Young (Normal) (G1 Evacuation Pause)
[2023-09-20T14:34:45.161+0900][gc,task       ] GC(10) Using 8 workers of 8 for evacuation
[2023-09-20T14:34:45.212+0900][gc,mmu        ] GC(10) MMU target violated: 21.0ms (20.0ms/21.0ms)
[2023-09-20T14:34:45.212+0900][gc,phases     ] GC(10)   Pre Evacuate Collection Set: 1.1ms
[2023-09-20T14:34:45.212+0900][gc,phases     ] GC(10)   Evacuate Collection Set: 48.7ms
[2023-09-20T14:34:45.212+0900][gc,phases     ] GC(10)   Post Evacuate Collection Set: 0.6ms
[2023-09-20T14:34:45.212+0900][gc,phases     ] GC(10)   Other: 1.8ms
[2023-09-20T14:34:45.213+0900][gc,heap       ] GC(10) Eden regions: 48->0(48)
[2023-09-20T14:34:45.213+0900][gc,heap       ] GC(10) Survivor regions: 3->3(7)
[2023-09-20T14:34:45.213+0900][gc,heap       ] GC(10) Old regions: 17->17
[2023-09-20T14:34:45.213+0900][gc,heap       ] GC(10) Humongous regions: 129->129
[2023-09-20T14:34:45.213+0900][gc,metaspace  ] GC(10) Metaspace: 51517K->51517K(1095680K)
[2023-09-20T14:34:45.213+0900][gc            ] GC(10) Pause Young (Normal) (G1 Evacuation Pause) 196M->147M(1024M) 51.943ms
[2023-09-20T14:34:45.213+0900][gc,cpu        ] GC(10) User=0.10s Sys=0.08s Real=0.05s
[2023-09-20T14:48:38.031+0900][gc,start      ] GC(11) Pause Young (Normal) (G1 Evacuation Pause)
[2023-09-20T14:48:38.031+0900][gc,task       ] GC(11) Using 8 workers of 8 for evacuation
[2023-09-20T14:48:38.068+0900][gc,mmu        ] GC(11) MMU target violated: 21.0ms (20.0ms/21.0ms)
[2023-09-20T14:48:38.068+0900][gc,phases     ] GC(11)   Pre Evacuate Collection Set: 1.1ms
[2023-09-20T14:48:38.068+0900][gc,phases     ] GC(11)   Evacuate Collection Set: 33.8ms
[2023-09-20T14:48:38.068+0900][gc,phases     ] GC(11)   Post Evacuate Collection Set: 0.9ms
[2023-09-20T14:48:38.068+0900][gc,phases     ] GC(11)   Other: 1.7ms
[2023-09-20T14:48:38.068+0900][gc,heap       ] GC(11) Eden regions: 48->0(47)
[2023-09-20T14:48:38.068+0900][gc,heap       ] GC(11) Survivor regions: 3->4(7)
[2023-09-20T14:48:38.068+0900][gc,heap       ] GC(11) Old regions: 17->17
[2023-09-20T14:48:38.068+0900][gc,heap       ] GC(11) Humongous regions: 129->129
[2023-09-20T14:48:38.068+0900][gc,metaspace  ] GC(11) Metaspace: 51622K->51622K(1095680K)
[2023-09-20T14:48:38.068+0900][gc            ] GC(11) Pause Young (Normal) (G1 Evacuation Pause) 195M->148M(1024M) 37.314ms
[2023-09-20T14:48:38.068+0900][gc,cpu        ] GC(11) User=0.10s Sys=0.06s Real=0.03s
[2023-09-20T15:03:03.523+0900][gc,start      ] GC(12) Pause Young (Normal) (G1 Evacuation Pause)
[2023-09-20T15:03:03.523+0900][gc,task       ] GC(12) Using 8 workers of 8 for evacuation
[2023-09-20T15:03:03.556+0900][gc,mmu        ] GC(12) MMU target violated: 21.0ms (20.0ms/21.0ms)
[2023-09-20T15:03:03.556+0900][gc,phases     ] GC(12)   Pre Evacuate Collection Set: 1.1ms
[2023-09-20T15:03:03.556+0900][gc,phases     ] GC(12)   Evacuate Collection Set: 30.6ms
[2023-09-20T15:03:03.556+0900][gc,phases     ] GC(12)   Post Evacuate Collection Set: 0.5ms
[2023-09-20T15:03:03.556+0900][gc,phases     ] GC(12)   Other: 2.0ms
[2023-09-20T15:03:03.556+0900][gc,heap       ] GC(12) Eden regions: 47->0(47)
[2023-09-20T15:03:03.556+0900][gc,heap       ] GC(12) Survivor regions: 4->4(7)
[2023-09-20T15:03:03.556+0900][gc,heap       ] GC(12) Old regions: 17->17
[2023-09-20T15:03:03.556+0900][gc,heap       ] GC(12) Humongous regions: 129->129
[2023-09-20T15:03:03.557+0900][gc,metaspace  ] GC(12) Metaspace: 51631K->51631K(1095680K)
[2023-09-20T15:03:03.557+0900][gc            ] GC(12) Pause Young (Normal) (G1 Evacuation Pause) 195M->148M(1024M) 34.035ms
[2023-09-20T15:03:03.557+0900][gc,cpu        ] GC(12) User=0.10s Sys=0.04s Real=0.03s
[2023-09-20T15:16:53.315+0900][gc,start      ] GC(13) Pause Young (Normal) (G1 Evacuation Pause)
[2023-09-20T15:16:53.316+0900][gc,task       ] GC(13) Using 8 workers of 8 for evacuation
[2023-09-20T15:16:53.352+0900][gc,mmu        ] GC(13) MMU target violated: 21.0ms (20.0ms/21.0ms)
[2023-09-20T15:16:53.352+0900][gc,phases     ] GC(13)   Pre Evacuate Collection Set: 0.6ms
[2023-09-20T15:16:53.352+0900][gc,phases     ] GC(13)   Evacuate Collection Set: 34.6ms
[2023-09-20T15:16:53.352+0900][gc,phases     ] GC(13)   Post Evacuate Collection Set: 0.7ms
[2023-09-20T15:16:53.352+0900][gc,phases     ] GC(13)   Other: 1.5ms
[2023-09-20T15:16:53.352+0900][gc,heap       ] GC(13) Eden regions: 47->0(48)
[2023-09-20T15:16:53.352+0900][gc,heap       ] GC(13) Survivor regions: 4->3(7)
[2023-09-20T15:16:53.352+0900][gc,heap       ] GC(13) Old regions: 17->17
[2023-09-20T15:16:53.352+0900][gc,heap       ] GC(13) Humongous regions: 129->129
[2023-09-20T15:16:53.352+0900][gc,metaspace  ] GC(13) Metaspace: 51922K->51922K(1095680K)
[2023-09-20T15:16:53.352+0900][gc            ] GC(13) Pause Young (Normal) (G1 Evacuation Pause) 195M->147M(1024M) 37.343ms
[2023-09-20T15:16:53.352+0900][gc,cpu        ] GC(13) User=0.08s Sys=0.05s Real=0.04s
[2023-09-20T15:30:52.990+0900][gc,start      ] GC(14) Pause Young (Normal) (G1 Evacuation Pause)
[2023-09-20T15:30:52.990+0900][gc,task       ] GC(14) Using 8 workers of 8 for evacuation
[2023-09-20T15:30:53.017+0900][gc,mmu        ] GC(14) MMU target violated: 21.0ms (20.0ms/21.0ms)
[2023-09-20T15:30:53.017+0900][gc,phases     ] GC(14)   Pre Evacuate Collection Set: 0.4ms
[2023-09-20T15:30:53.017+0900][gc,phases     ] GC(14)   Evacuate Collection Set: 25.1ms
[2023-09-20T15:30:53.017+0900][gc,phases     ] GC(14)   Post Evacuate Collection Set: 0.5ms
[2023-09-20T15:30:53.017+0900][gc,phases     ] GC(14)   Other: 1.1ms
[2023-09-20T15:30:53.017+0900][gc,heap       ] GC(14) Eden regions: 48->0(49)
[2023-09-20T15:30:53.017+0900][gc,heap       ] GC(14) Survivor regions: 3->4(7)
[2023-09-20T15:30:53.017+0900][gc,heap       ] GC(14) Old regions: 17->17
[2023-09-20T15:30:53.017+0900][gc,heap       ] GC(14) Humongous regions: 129->129
[2023-09-20T15:30:53.017+0900][gc,metaspace  ] GC(14) Metaspace: 51954K->51954K(1097728K)
[2023-09-20T15:30:53.017+0900][gc            ] GC(14) Pause Young (Normal) (G1 Evacuation Pause) 195M->148M(1024M) 27.068ms
[2023-09-20T15:30:53.017+0900][gc,cpu        ] GC(14) User=0.08s Sys=0.07s Real=0.02s
[2023-09-20T15:44:34.389+0900][gc,start      ] GC(15) Pause Young (Normal) (G1 Evacuation Pause)
[2023-09-20T15:44:34.391+0900][gc,task       ] GC(15) Using 8 workers of 8 for evacuation
[2023-09-20T15:44:34.422+0900][gc,mmu        ] GC(15) MMU target violated: 21.0ms (20.0ms/21.0ms)
[2023-09-20T15:44:34.422+0900][gc,phases     ] GC(15)   Pre Evacuate Collection Set: 0.4ms
[2023-09-20T15:44:34.422+0900][gc,phases     ] GC(15)   Evacuate Collection Set: 28.9ms
[2023-09-20T15:44:34.422+0900][gc,phases     ] GC(15)   Post Evacuate Collection Set: 0.7ms
[2023-09-20T15:44:34.422+0900][gc,phases     ] GC(15)   Other: 2.5ms
[2023-09-20T15:44:34.422+0900][gc,heap       ] GC(15) Eden regions: 49->0(475)
[2023-09-20T15:44:34.422+0900][gc,heap       ] GC(15) Survivor regions: 4->3(7)
[2023-09-20T15:44:34.422+0900][gc,heap       ] GC(15) Old regions: 17->17
[2023-09-20T15:44:34.422+0900][gc,heap       ] GC(15) Humongous regions: 129->129
[2023-09-20T15:44:34.422+0900][gc,metaspace  ] GC(15) Metaspace: 51958K->51958K(1097728K)
[2023-09-20T15:44:34.422+0900][gc            ] GC(15) Pause Young (Normal) (G1 Evacuation Pause) 197M->148M(1024M) 32.629ms
[2023-09-20T15:44:34.422+0900][gc,cpu        ] GC(15) User=0.09s Sys=0.07s Real=0.04s
