[2023-09-20 13:42:15,912] INFO [Controller id=0 epoch=5] Sending UpdateMetadata request to brokers HashSet(0) for 0 partitions (state.change.logger)
[2023-09-20 13:42:15,992] INFO [Controller id=0 epoch=5] Sending LeaderAndIsr request to broker 0 with 82 become-leader and 0 become-follower partitions (state.change.logger)
[2023-09-20 13:42:16,001] INFO [Controller id=0 epoch=5] Sending UpdateMetadata request to brokers HashSet(0) for 82 partitions (state.change.logger)
[2023-09-20 13:42:16,055] INFO [Broker id=0] Handling LeaderAndIsr request correlationId 1 from controller 0 for 82 partitions (state.change.logger)
[2023-09-20 13:42:16,109] INFO [Broker id=0] Stopped fetchers as part of LeaderAndIsr request correlationId 1 from controller 0 epoch 5 as part of the become-leader transition for 82 partitions (state.change.logger)
[2023-09-20 13:42:16,142] INFO [Broker id=0] Leader connect-offsets-24 with topic id Some(4_ecRzKsQvCD8DgQTbS1XA) starts at leader epoch 0 from offset 0 with partition epoch 0, high watermark 0, ISR [0], adding replicas [] and removing replicas [] . Previous leader epoch was -1. (state.change.logger)
[2023-09-20 13:42:16,170] INFO [Broker id=0] Leader __consumer_offsets-3 with topic id Some(NtNA-1f_RAqlgrBygGrJiw) starts at leader epoch 0 from offset 0 with partition epoch 0, high watermark 0, ISR [0], adding replicas [] and removing replicas [] . Previous leader epoch was -1. (state.change.logger)
[2023-09-20 13:42:16,190] INFO [Broker id=0] Leader quickstart-events-0 with topic id Some(KkSvEcdiSCeE7Rm13fFiEA) starts at leader epoch 0 from offset 3 with partition epoch 0, high watermark 3, ISR [0], adding replicas [] and removing replicas [] . Previous leader epoch was -1. (state.change.logger)
[2023-09-20 13:42:16,208] INFO [Broker id=0] Leader connect-offsets-9 with topic id Some(4_ecRzKsQvCD8DgQTbS1XA) starts at leader epoch 0 from offset 0 with partition epoch 0, high watermark 0, ISR [0], adding replicas [] and removing replicas [] . Previous leader epoch was -1. (state.change.logger)
[2023-09-20 13:42:16,262] INFO [Broker id=0] Leader __consumer_offsets-18 with topic id Some(NtNA-1f_RAqlgrBygGrJiw) starts at leader epoch 0 from offset 0 with partition epoch 0, high watermark 0, ISR [0], adding replicas [] and removing replicas [] . Previous leader epoch was -1. (state.change.logger)
[2023-09-20 13:42:16,316] INFO [Broker id=0] Leader __consumer_offsets-41 with topic id Some(NtNA-1f_RAqlgrBygGrJiw) starts at leader epoch 0 from offset 0 with partition epoch 0, high watermark 0, ISR [0], adding replicas [] and removing replicas [] . Previous leader epoch was -1. (state.change.logger)
[2023-09-20 13:42:16,336] INFO [Broker id=0] Leader connect-status-1 with topic id Some(oflyTWEMT4OcauAzyZASuw) starts at leader epoch 0 from offset 0 with partition epoch 0, high watermark 0, ISR [0], adding replicas [] and removing replicas [] . Previous leader epoch was -1. (state.change.logger)
[2023-09-20 13:42:16,366] INFO [Broker id=0] Leader connect-offsets-17 with topic id Some(4_ecRzKsQvCD8DgQTbS1XA) starts at leader epoch 0 from offset 0 with partition epoch 0, high watermark 0, ISR [0], adding replicas [] and removing replicas [] . Previous leader epoch was -1. (state.change.logger)
[2023-09-20 13:42:16,370] INFO [Controller id=0 epoch=5] Changed partition example-order-topic-0 state from NonExistentPartition to NewPartition with assigned replicas 0 (state.change.logger)
[2023-09-20 13:42:16,386] INFO [Controller id=0 epoch=5] Sending UpdateMetadata request to brokers HashSet() for 0 partitions (state.change.logger)
[2023-09-20 13:42:16,387] INFO [Broker id=0] Leader __consumer_offsets-10 with topic id Some(NtNA-1f_RAqlgrBygGrJiw) starts at leader epoch 0 from offset 0 with partition epoch 0, high watermark 0, ISR [0], adding replicas [] and removing replicas [] . Previous leader epoch was -1. (state.change.logger)
[2023-09-20 13:42:16,389] INFO [Controller id=0 epoch=5] Sending UpdateMetadata request to brokers HashSet() for 0 partitions (state.change.logger)
[2023-09-20 13:42:16,408] INFO [Broker id=0] Leader connect-offsets-2 with topic id Some(4_ecRzKsQvCD8DgQTbS1XA) starts at leader epoch 0 from offset 0 with partition epoch 0, high watermark 0, ISR [0], adding replicas [] and removing replicas [] . Previous leader epoch was -1. (state.change.logger)
[2023-09-20 13:42:16,460] INFO [Broker id=0] Leader __consumer_offsets-33 with topic id Some(NtNA-1f_RAqlgrBygGrJiw) starts at leader epoch 0 from offset 0 with partition epoch 0, high watermark 0, ISR [0], adding replicas [] and removing replicas [] . Previous leader epoch was -1. (state.change.logger)
[2023-09-20 13:42:16,513] INFO [Broker id=0] Leader __consumer_offsets-48 with topic id Some(NtNA-1f_RAqlgrBygGrJiw) starts at leader epoch 0 from offset 0 with partition epoch 0, high watermark 0, ISR [0], adding replicas [] and removing replicas [] . Previous leader epoch was -1. (state.change.logger)
[2023-09-20 13:42:16,543] INFO [Controller id=0 epoch=5] Changed partition example-order-topic-0 from NewPartition to OnlinePartition with state LeaderAndIsr(leader=0, leaderEpoch=0, isrWithBrokerEpoch=List(BrokerState(brokerId=0, brokerEpoch=-1)), leaderRecoveryState=RECOVERED, partitionEpoch=0) (state.change.logger)
[2023-09-20 13:42:16,550] INFO [Controller id=0 epoch=5] Sending LeaderAndIsr request to broker 0 with 1 become-leader and 0 become-follower partitions (state.change.logger)
[2023-09-20 13:42:16,551] INFO [Controller id=0 epoch=5] Sending UpdateMetadata request to brokers HashSet(0) for 1 partitions (state.change.logger)
[2023-09-20 13:42:16,552] INFO [Broker id=0] Leader connect-offsets-8 with topic id Some(4_ecRzKsQvCD8DgQTbS1XA) starts at leader epoch 0 from offset 0 with partition epoch 0, high watermark 0, ISR [0], adding replicas [] and removing replicas [] . Previous leader epoch was -1. (state.change.logger)
[2023-09-20 13:42:16,552] INFO [Controller id=0 epoch=5] Sending UpdateMetadata request to brokers HashSet() for 0 partitions (state.change.logger)
[2023-09-20 13:42:16,572] INFO [Broker id=0] Leader __consumer_offsets-19 with topic id Some(NtNA-1f_RAqlgrBygGrJiw) starts at leader epoch 0 from offset 0 with partition epoch 0, high watermark 0, ISR [0], adding replicas [] and removing replicas [] . Previous leader epoch was -1. (state.change.logger)
[2023-09-20 13:42:16,591] INFO [Broker id=0] Leader __consumer_offsets-34 with topic id Some(NtNA-1f_RAqlgrBygGrJiw) starts at leader epoch 0 from offset 0 with partition epoch 0, high watermark 0, ISR [0], adding replicas [] and removing replicas [] . Previous leader epoch was -1. (state.change.logger)
[2023-09-20 13:42:16,611] INFO [Broker id=0] Leader __consumer_offsets-4 with topic id Some(NtNA-1f_RAqlgrBygGrJiw) starts at leader epoch 0 from offset 0 with partition epoch 0, high watermark 0, ISR [0], adding replicas [] and removing replicas [] . Previous leader epoch was -1. (state.change.logger)
[2023-09-20 13:42:16,631] INFO [Broker id=0] Leader connect-offsets-23 with topic id Some(4_ecRzKsQvCD8DgQTbS1XA) starts at leader epoch 0 from offset 0 with partition epoch 0, high watermark 0, ISR [0], adding replicas [] and removing replicas [] . Previous leader epoch was -1. (state.change.logger)
[2023-09-20 13:42:16,650] INFO [Broker id=0] Leader connect-offsets-16 with topic id Some(4_ecRzKsQvCD8DgQTbS1XA) starts at leader epoch 0 from offset 0 with partition epoch 0, high watermark 0, ISR [0], adding replicas [] and removing replicas [] . Previous leader epoch was -1. (state.change.logger)
[2023-09-20 13:42:16,669] INFO [Broker id=0] Leader __consumer_offsets-11 with topic id Some(NtNA-1f_RAqlgrBygGrJiw) starts at leader epoch 0 from offset 0 with partition epoch 0, high watermark 0, ISR [0], adding replicas [] and removing replicas [] . Previous leader epoch was -1. (state.change.logger)
[2023-09-20 13:42:16,690] INFO [Broker id=0] Leader connect-offsets-1 with topic id Some(4_ecRzKsQvCD8DgQTbS1XA) starts at leader epoch 0 from offset 0 with partition epoch 0, high watermark 0, ISR [0], adding replicas [] and removing replicas [] . Previous leader epoch was -1. (state.change.logger)
[2023-09-20 13:42:16,709] INFO [Broker id=0] Leader __consumer_offsets-26 with topic id Some(NtNA-1f_RAqlgrBygGrJiw) starts at leader epoch 0 from offset 0 with partition epoch 0, high watermark 0, ISR [0], adding replicas [] and removing replicas [] . Previous leader epoch was -1. (state.change.logger)
[2023-09-20 13:42:16,729] INFO [Broker id=0] Leader connect-status-2 with topic id Some(oflyTWEMT4OcauAzyZASuw) starts at leader epoch 0 from offset 0 with partition epoch 0, high watermark 0, ISR [0], adding replicas [] and removing replicas [] . Previous leader epoch was -1. (state.change.logger)
[2023-09-20 13:42:16,749] INFO [Broker id=0] Leader __consumer_offsets-49 with topic id Some(NtNA-1f_RAqlgrBygGrJiw) starts at leader epoch 0 from offset 0 with partition epoch 0, high watermark 0, ISR [0], adding replicas [] and removing replicas [] . Previous leader epoch was -1. (state.change.logger)
[2023-09-20 13:42:16,769] INFO [Broker id=0] Leader connect-configs-0 with topic id Some(MO_7zpR_TN2BHFxhWQhPrg) starts at leader epoch 0 from offset 4 with partition epoch 0, high watermark 4, ISR [0], adding replicas [] and removing replicas [] . Previous leader epoch was -1. (state.change.logger)
[2023-09-20 13:42:16,770] INFO [Broker id=0] Leader connect-offsets-11 with topic id Some(4_ecRzKsQvCD8DgQTbS1XA) starts at leader epoch 0 from offset 0 with partition epoch 0, high watermark 0, ISR [0], adding replicas [] and removing replicas [] . Previous leader epoch was -1. (state.change.logger)
[2023-09-20 13:42:16,791] INFO [Broker id=0] Leader __consumer_offsets-39 with topic id Some(NtNA-1f_RAqlgrBygGrJiw) starts at leader epoch 0 from offset 0 with partition epoch 0, high watermark 0, ISR [0], adding replicas [] and removing replicas [] . Previous leader epoch was -1. (state.change.logger)
[2023-09-20 13:42:16,810] INFO [Broker id=0] Leader __consumer_offsets-9 with topic id Some(NtNA-1f_RAqlgrBygGrJiw) starts at leader epoch 0 from offset 0 with partition epoch 0, high watermark 0, ISR [0], adding replicas [] and removing replicas [] . Previous leader epoch was -1. (state.change.logger)
[2023-09-20 13:42:16,831] INFO [Broker id=0] Leader __consumer_offsets-24 with topic id Some(NtNA-1f_RAqlgrBygGrJiw) starts at leader epoch 0 from offset 0 with partition epoch 0, high watermark 0, ISR [0], adding replicas [] and removing replicas [] . Previous leader epoch was -1. (state.change.logger)
[2023-09-20 13:42:16,849] INFO [Broker id=0] Leader connect-offsets-19 with topic id Some(4_ecRzKsQvCD8DgQTbS1XA) starts at leader epoch 0 from offset 0 with partition epoch 0, high watermark 0, ISR [0], adding replicas [] and removing replicas [] . Previous leader epoch was -1. (state.change.logger)
[2023-09-20 13:42:16,869] INFO [Broker id=0] Leader __consumer_offsets-31 with topic id Some(NtNA-1f_RAqlgrBygGrJiw) starts at leader epoch 0 from offset 0 with partition epoch 0, high watermark 0, ISR [0], adding replicas [] and removing replicas [] . Previous leader epoch was -1. (state.change.logger)
[2023-09-20 13:42:16,889] INFO [Broker id=0] Leader __consumer_offsets-46 with topic id Some(NtNA-1f_RAqlgrBygGrJiw) starts at leader epoch 0 from offset 0 with partition epoch 0, high watermark 0, ISR [0], adding replicas [] and removing replicas [] . Previous leader epoch was -1. (state.change.logger)
[2023-09-20 13:42:16,908] INFO [Broker id=0] Leader __consumer_offsets-1 with topic id Some(NtNA-1f_RAqlgrBygGrJiw) starts at leader epoch 0 from offset 0 with partition epoch 0, high watermark 0, ISR [0], adding replicas [] and removing replicas [] . Previous leader epoch was -1. (state.change.logger)
[2023-09-20 13:42:16,928] INFO [Broker id=0] Leader __consumer_offsets-16 with topic id Some(NtNA-1f_RAqlgrBygGrJiw) starts at leader epoch 0 from offset 0 with partition epoch 0, high watermark 0, ISR [0], adding replicas [] and removing replicas [] . Previous leader epoch was -1. (state.change.logger)
[2023-09-20 13:42:16,948] INFO [Broker id=0] Leader __consumer_offsets-2 with topic id Some(NtNA-1f_RAqlgrBygGrJiw) starts at leader epoch 0 from offset 0 with partition epoch 0, high watermark 0, ISR [0], adding replicas [] and removing replicas [] . Previous leader epoch was -1. (state.change.logger)
[2023-09-20 13:42:16,968] INFO [Broker id=0] Leader connect-offsets-10 with topic id Some(4_ecRzKsQvCD8DgQTbS1XA) starts at leader epoch 0 from offset 0 with partition epoch 0, high watermark 0, ISR [0], adding replicas [] and removing replicas [] . Previous leader epoch was -1. (state.change.logger)
[2023-09-20 13:42:16,989] INFO [Broker id=0] Leader __consumer_offsets-25 with topic id Some(NtNA-1f_RAqlgrBygGrJiw) starts at leader epoch 0 from offset 0 with partition epoch 0, high watermark 0, ISR [0], adding replicas [] and removing replicas [] . Previous leader epoch was -1. (state.change.logger)
[2023-09-20 13:42:17,009] INFO [Broker id=0] Leader __consumer_offsets-40 with topic id Some(NtNA-1f_RAqlgrBygGrJiw) starts at leader epoch 0 from offset 0 with partition epoch 0, high watermark 0, ISR [0], adding replicas [] and removing replicas [] . Previous leader epoch was -1. (state.change.logger)
[2023-09-20 13:42:17,028] INFO [Broker id=0] Leader connect-status-0 with topic id Some(oflyTWEMT4OcauAzyZASuw) starts at leader epoch 0 from offset 0 with partition epoch 0, high watermark 0, ISR [0], adding replicas [] and removing replicas [] . Previous leader epoch was -1. (state.change.logger)
[2023-09-20 13:42:17,049] INFO [Broker id=0] Leader connect-offsets-18 with topic id Some(4_ecRzKsQvCD8DgQTbS1XA) starts at leader epoch 0 from offset 0 with partition epoch 0, high watermark 0, ISR [0], adding replicas [] and removing replicas [] . Previous leader epoch was -1. (state.change.logger)
[2023-09-20 13:42:17,068] INFO [Broker id=0] Leader connect-offsets-3 with topic id Some(4_ecRzKsQvCD8DgQTbS1XA) starts at leader epoch 0 from offset 0 with partition epoch 0, high watermark 0, ISR [0], adding replicas [] and removing replicas [] . Previous leader epoch was -1. (state.change.logger)
[2023-09-20 13:42:17,087] INFO [Broker id=0] Leader __consumer_offsets-47 with topic id Some(NtNA-1f_RAqlgrBygGrJiw) starts at leader epoch 0 from offset 0 with partition epoch 0, high watermark 0, ISR [0], adding replicas [] and removing replicas [] . Previous leader epoch was -1. (state.change.logger)
[2023-09-20 13:42:17,106] INFO [Broker id=0] Leader __consumer_offsets-17 with topic id Some(NtNA-1f_RAqlgrBygGrJiw) starts at leader epoch 0 from offset 0 with partition epoch 0, high watermark 0, ISR [0], adding replicas [] and removing replicas [] . Previous leader epoch was -1. (state.change.logger)
[2023-09-20 13:42:17,126] INFO [Broker id=0] Leader __consumer_offsets-32 with topic id Some(NtNA-1f_RAqlgrBygGrJiw) starts at leader epoch 0 from offset 0 with partition epoch 0, high watermark 0, ISR [0], adding replicas [] and removing replicas [] . Previous leader epoch was -1. (state.change.logger)
[2023-09-20 13:42:17,146] INFO [Broker id=0] Leader __consumer_offsets-37 with topic id Some(NtNA-1f_RAqlgrBygGrJiw) starts at leader epoch 0 from offset 0 with partition epoch 0, high watermark 0, ISR [0], adding replicas [] and removing replicas [] . Previous leader epoch was -1. (state.change.logger)
[2023-09-20 13:42:17,166] INFO [Broker id=0] Leader connect-offsets-20 with topic id Some(4_ecRzKsQvCD8DgQTbS1XA) starts at leader epoch 0 from offset 0 with partition epoch 0, high watermark 0, ISR [0], adding replicas [] and removing replicas [] . Previous leader epoch was -1. (state.change.logger)
[2023-09-20 13:42:17,186] INFO [Broker id=0] Leader __consumer_offsets-7 with topic id Some(NtNA-1f_RAqlgrBygGrJiw) starts at leader epoch 0 from offset 0 with partition epoch 0, high watermark 0, ISR [0], adding replicas [] and removing replicas [] . Previous leader epoch was -1. (state.change.logger)
[2023-09-20 13:42:17,209] INFO [Broker id=0] Leader connect-offsets-5 with topic id Some(4_ecRzKsQvCD8DgQTbS1XA) starts at leader epoch 0 from offset 0 with partition epoch 0, high watermark 0, ISR [0], adding replicas [] and removing replicas [] . Previous leader epoch was -1. (state.change.logger)
[2023-09-20 13:42:17,212] INFO [Broker id=0] Leader __consumer_offsets-22 with topic id Some(NtNA-1f_RAqlgrBygGrJiw) starts at leader epoch 0 from offset 0 with partition epoch 0, high watermark 0, ISR [0], adding replicas [] and removing replicas [] . Previous leader epoch was -1. (state.change.logger)
[2023-09-20 13:42:17,232] INFO [Broker id=0] Leader __consumer_offsets-29 with topic id Some(NtNA-1f_RAqlgrBygGrJiw) starts at leader epoch 0 from offset 0 with partition epoch 0, high watermark 0, ISR [0], adding replicas [] and removing replicas [] . Previous leader epoch was -1. (state.change.logger)
[2023-09-20 13:42:17,251] INFO [Broker id=0] Leader __consumer_offsets-44 with topic id Some(NtNA-1f_RAqlgrBygGrJiw) starts at leader epoch 0 from offset 0 with partition epoch 0, high watermark 0, ISR [0], adding replicas [] and removing replicas [] . Previous leader epoch was -1. (state.change.logger)
[2023-09-20 13:42:17,271] INFO [Broker id=0] Leader connect-offsets-13 with topic id Some(4_ecRzKsQvCD8DgQTbS1XA) starts at leader epoch 0 from offset 0 with partition epoch 0, high watermark 0, ISR [0], adding replicas [] and removing replicas [] . Previous leader epoch was -1. (state.change.logger)
[2023-09-20 13:42:17,292] INFO [Broker id=0] Leader __consumer_offsets-14 with topic id Some(NtNA-1f_RAqlgrBygGrJiw) starts at leader epoch 0 from offset 0 with partition epoch 0, high watermark 0, ISR [0], adding replicas [] and removing replicas [] . Previous leader epoch was -1. (state.change.logger)
[2023-09-20 13:42:17,312] INFO [Broker id=0] Leader connect-offsets-4 with topic id Some(4_ecRzKsQvCD8DgQTbS1XA) starts at leader epoch 0 from offset 0 with partition epoch 0, high watermark 0, ISR [0], adding replicas [] and removing replicas [] . Previous leader epoch was -1. (state.change.logger)
[2023-09-20 13:42:17,330] INFO [Broker id=0] Leader __consumer_offsets-23 with topic id Some(NtNA-1f_RAqlgrBygGrJiw) starts at leader epoch 0 from offset 3 with partition epoch 0, high watermark 3, ISR [0], adding replicas [] and removing replicas [] . Previous leader epoch was -1. (state.change.logger)
[2023-09-20 13:42:17,331] INFO [Broker id=0] Leader __consumer_offsets-38 with topic id Some(NtNA-1f_RAqlgrBygGrJiw) starts at leader epoch 0 from offset 0 with partition epoch 0, high watermark 0, ISR [0], adding replicas [] and removing replicas [] . Previous leader epoch was -1. (state.change.logger)
[2023-09-20 13:42:17,352] INFO [Broker id=0] Leader __consumer_offsets-8 with topic id Some(NtNA-1f_RAqlgrBygGrJiw) starts at leader epoch 0 from offset 0 with partition epoch 0, high watermark 0, ISR [0], adding replicas [] and removing replicas [] . Previous leader epoch was -1. (state.change.logger)
[2023-09-20 13:42:17,373] INFO [Broker id=0] Leader __consumer_offsets-45 with topic id Some(NtNA-1f_RAqlgrBygGrJiw) starts at leader epoch 0 from offset 0 with partition epoch 0, high watermark 0, ISR [0], adding replicas [] and removing replicas [] . Previous leader epoch was -1. (state.change.logger)
[2023-09-20 13:42:17,394] INFO [Broker id=0] Leader connect-offsets-12 with topic id Some(4_ecRzKsQvCD8DgQTbS1XA) starts at leader epoch 0 from offset 0 with partition epoch 0, high watermark 0, ISR [0], adding replicas [] and removing replicas [] . Previous leader epoch was -1. (state.change.logger)
[2023-09-20 13:42:17,413] INFO [Broker id=0] Leader __consumer_offsets-15 with topic id Some(NtNA-1f_RAqlgrBygGrJiw) starts at leader epoch 0 from offset 0 with partition epoch 0, high watermark 0, ISR [0], adding replicas [] and removing replicas [] . Previous leader epoch was -1. (state.change.logger)
[2023-09-20 13:42:17,415] INFO [Broker id=0] Leader __consumer_offsets-30 with topic id Some(NtNA-1f_RAqlgrBygGrJiw) starts at leader epoch 0 from offset 0 with partition epoch 0, high watermark 0, ISR [0], adding replicas [] and removing replicas [] . Previous leader epoch was -1. (state.change.logger)
[2023-09-20 13:42:17,435] INFO [Broker id=0] Leader __consumer_offsets-0 with topic id Some(NtNA-1f_RAqlgrBygGrJiw) starts at leader epoch 0 from offset 0 with partition epoch 0, high watermark 0, ISR [0], adding replicas [] and removing replicas [] . Previous leader epoch was -1. (state.change.logger)
[2023-09-20 13:42:17,456] INFO [Broker id=0] Leader __consumer_offsets-35 with topic id Some(NtNA-1f_RAqlgrBygGrJiw) starts at leader epoch 0 from offset 0 with partition epoch 0, high watermark 0, ISR [0], adding replicas [] and removing replicas [] . Previous leader epoch was -1. (state.change.logger)
[2023-09-20 13:42:17,476] INFO [Broker id=0] Leader __consumer_offsets-5 with topic id Some(NtNA-1f_RAqlgrBygGrJiw) starts at leader epoch 0 from offset 0 with partition epoch 0, high watermark 0, ISR [0], adding replicas [] and removing replicas [] . Previous leader epoch was -1. (state.change.logger)
[2023-09-20 13:42:17,513] INFO [Broker id=0] Leader __consumer_offsets-20 with topic id Some(NtNA-1f_RAqlgrBygGrJiw) starts at leader epoch 0 from offset 0 with partition epoch 0, high watermark 0, ISR [0], adding replicas [] and removing replicas [] . Previous leader epoch was -1. (state.change.logger)
[2023-09-20 13:42:17,533] INFO [Broker id=0] Leader connect-offsets-22 with topic id Some(4_ecRzKsQvCD8DgQTbS1XA) starts at leader epoch 0 from offset 0 with partition epoch 0, high watermark 0, ISR [0], adding replicas [] and removing replicas [] . Previous leader epoch was -1. (state.change.logger)
[2023-09-20 13:42:17,552] INFO [Broker id=0] Leader connect-offsets-7 with topic id Some(4_ecRzKsQvCD8DgQTbS1XA) starts at leader epoch 0 from offset 0 with partition epoch 0, high watermark 0, ISR [0], adding replicas [] and removing replicas [] . Previous leader epoch was -1. (state.change.logger)
[2023-09-20 13:42:17,572] INFO [Broker id=0] Leader connect-offsets-0 with topic id Some(4_ecRzKsQvCD8DgQTbS1XA) starts at leader epoch 0 from offset 0 with partition epoch 0, high watermark 0, ISR [0], adding replicas [] and removing replicas [] . Previous leader epoch was -1. (state.change.logger)
[2023-09-20 13:42:17,592] INFO [Broker id=0] Leader __consumer_offsets-27 with topic id Some(NtNA-1f_RAqlgrBygGrJiw) starts at leader epoch 0 from offset 0 with partition epoch 0, high watermark 0, ISR [0], adding replicas [] and removing replicas [] . Previous leader epoch was -1. (state.change.logger)
[2023-09-20 13:42:17,613] INFO [Broker id=0] Leader __consumer_offsets-42 with topic id Some(NtNA-1f_RAqlgrBygGrJiw) starts at leader epoch 0 from offset 0 with partition epoch 0, high watermark 0, ISR [0], adding replicas [] and removing replicas [] . Previous leader epoch was -1. (state.change.logger)
[2023-09-20 13:42:17,633] INFO [Broker id=0] Leader connect-status-3 with topic id Some(oflyTWEMT4OcauAzyZASuw) starts at leader epoch 0 from offset 0 with partition epoch 0, high watermark 0, ISR [0], adding replicas [] and removing replicas [] . Previous leader epoch was -1. (state.change.logger)
[2023-09-20 13:42:17,653] INFO [Broker id=0] Leader __consumer_offsets-12 with topic id Some(NtNA-1f_RAqlgrBygGrJiw) starts at leader epoch 0 from offset 3 with partition epoch 0, high watermark 3, ISR [0], adding replicas [] and removing replicas [] . Previous leader epoch was -1. (state.change.logger)
[2023-09-20 13:42:17,653] INFO [Broker id=0] Leader connect-offsets-15 with topic id Some(4_ecRzKsQvCD8DgQTbS1XA) starts at leader epoch 0 from offset 0 with partition epoch 0, high watermark 0, ISR [0], adding replicas [] and removing replicas [] . Previous leader epoch was -1. (state.change.logger)
[2023-09-20 13:42:17,673] INFO [Broker id=0] Leader __consumer_offsets-21 with topic id Some(NtNA-1f_RAqlgrBygGrJiw) starts at leader epoch 0 from offset 0 with partition epoch 0, high watermark 0, ISR [0], adding replicas [] and removing replicas [] . Previous leader epoch was -1. (state.change.logger)
[2023-09-20 13:42:17,692] INFO [Broker id=0] Leader __consumer_offsets-36 with topic id Some(NtNA-1f_RAqlgrBygGrJiw) starts at leader epoch 0 from offset 0 with partition epoch 0, high watermark 0, ISR [0], adding replicas [] and removing replicas [] . Previous leader epoch was -1. (state.change.logger)
[2023-09-20 13:42:17,713] INFO [Broker id=0] Leader connect-offsets-21 with topic id Some(4_ecRzKsQvCD8DgQTbS1XA) starts at leader epoch 0 from offset 0 with partition epoch 0, high watermark 0, ISR [0], adding replicas [] and removing replicas [] . Previous leader epoch was -1. (state.change.logger)
[2023-09-20 13:42:17,734] INFO [Broker id=0] Leader __consumer_offsets-6 with topic id Some(NtNA-1f_RAqlgrBygGrJiw) starts at leader epoch 0 from offset 0 with partition epoch 0, high watermark 0, ISR [0], adding replicas [] and removing replicas [] . Previous leader epoch was -1. (state.change.logger)
[2023-09-20 13:42:17,756] INFO [Broker id=0] Leader connect-status-4 with topic id Some(oflyTWEMT4OcauAzyZASuw) starts at leader epoch 0 from offset 0 with partition epoch 0, high watermark 0, ISR [0], adding replicas [] and removing replicas [] . Previous leader epoch was -1. (state.change.logger)
[2023-09-20 13:42:17,775] INFO [Broker id=0] Leader connect-offsets-6 with topic id Some(4_ecRzKsQvCD8DgQTbS1XA) starts at leader epoch 0 from offset 0 with partition epoch 0, high watermark 0, ISR [0], adding replicas [] and removing replicas [] . Previous leader epoch was -1. (state.change.logger)
[2023-09-20 13:42:17,795] INFO [Broker id=0] Leader __consumer_offsets-43 with topic id Some(NtNA-1f_RAqlgrBygGrJiw) starts at leader epoch 0 from offset 0 with partition epoch 0, high watermark 0, ISR [0], adding replicas [] and removing replicas [] . Previous leader epoch was -1. (state.change.logger)
[2023-09-20 13:42:17,799] INFO [Broker id=0] Leader __consumer_offsets-13 with topic id Some(NtNA-1f_RAqlgrBygGrJiw) starts at leader epoch 0 from offset 2 with partition epoch 0, high watermark 2, ISR [0], adding replicas [] and removing replicas [] . Previous leader epoch was -1. (state.change.logger)
[2023-09-20 13:42:17,799] INFO [Broker id=0] Leader __consumer_offsets-28 with topic id Some(NtNA-1f_RAqlgrBygGrJiw) starts at leader epoch 0 from offset 0 with partition epoch 0, high watermark 0, ISR [0], adding replicas [] and removing replicas [] . Previous leader epoch was -1. (state.change.logger)
[2023-09-20 13:42:17,818] INFO [Broker id=0] Leader connect-offsets-14 with topic id Some(4_ecRzKsQvCD8DgQTbS1XA) starts at leader epoch 0 from offset 0 with partition epoch 0, high watermark 0, ISR [0], adding replicas [] and removing replicas [] . Previous leader epoch was -1. (state.change.logger)
[2023-09-20 13:42:17,898] INFO [Broker id=0] Finished LeaderAndIsr request in 1841ms correlationId 1 from controller 0 for 82 partitions (state.change.logger)
[2023-09-20 13:42:17,921] INFO [Broker id=0] Add 82 partitions and deleted 0 partitions from metadata cache in response to UpdateMetadata request sent by controller 0 epoch 5 with correlation id 2 (state.change.logger)
[2023-09-20 13:42:17,927] INFO [Broker id=0] Handling LeaderAndIsr request correlationId 3 from controller 0 for 1 partitions (state.change.logger)
[2023-09-20 13:42:17,930] INFO [Broker id=0] Stopped fetchers as part of LeaderAndIsr request correlationId 3 from controller 0 epoch 5 as part of the become-leader transition for 1 partitions (state.change.logger)
[2023-09-20 13:42:17,980] INFO [Broker id=0] Leader example-order-topic-0 with topic id Some(1Xy0jmnmRzGiuYfnck4nGw) starts at leader epoch 0 from offset 0 with partition epoch 0, high watermark 0, ISR [0], adding replicas [] and removing replicas [] . Previous leader epoch was -1. (state.change.logger)
[2023-09-20 13:42:18,003] INFO [Broker id=0] Finished LeaderAndIsr request in 78ms correlationId 3 from controller 0 for 1 partitions (state.change.logger)
[2023-09-20 13:42:18,008] INFO [Broker id=0] Add 1 partitions and deleted 0 partitions from metadata cache in response to UpdateMetadata request sent by controller 0 epoch 5 with correlation id 4 (state.change.logger)
