[2023-10-05 19:13:06,039] INFO [Worker clientId=connect-1, groupId=connect-cluster] Session key updated (org.apache.kafka.connect.runtime.distributed.DistributedHerder:1578)
[2023-10-05 19:14:00,502] INFO Kafka Connect stopping (org.apache.kafka.connect.runtime.Connect:67)
[2023-10-05 19:14:00,514] INFO Stopping REST server (org.apache.kafka.connect.runtime.rest.RestServer:327)
[2023-10-05 19:14:00,612] INFO Stopped http_8083@5555ffcf{HTTP/1.1, (http/1.1)}{0.0.0.0:8083} (org.eclipse.jetty.server.AbstractConnector:381)
[2023-10-05 19:14:00,617] INFO node0 Stopped scavenging (org.eclipse.jetty.server.session:149)
[2023-10-05 19:14:00,624] INFO REST server stopped (org.apache.kafka.connect.runtime.rest.RestServer:344)
[2023-10-05 19:14:00,626] INFO [Worker clientId=connect-1, groupId=connect-cluster] Herder stopping (org.apache.kafka.connect.runtime.distributed.DistributedHerder:682)
[2023-10-05 19:14:00,629] INFO [Worker clientId=connect-1, groupId=connect-cluster] Stopping connectors and tasks that are still assigned to this worker. (org.apache.kafka.connect.runtime.distributed.DistributedHerder:656)
[2023-10-05 19:14:00,631] INFO [Worker clientId=connect-1, groupId=connect-cluster] Member connect-1-22d22d57-3f7b-41d0-9e5a-8a756c535f9d sending LeaveGroup request to coordinator localhost:9092 (id: 2147483647 rack: null) due to the consumer is being closed (org.apache.kafka.clients.consumer.internals.AbstractCoordinator:1029)
[2023-10-05 19:14:00,634] WARN [Worker clientId=connect-1, groupId=connect-cluster] Close timed out with 1 pending requests to coordinator, terminating client connections (org.apache.kafka.clients.consumer.internals.AbstractCoordinator:1010)
[2023-10-05 19:14:00,634] INFO Metrics scheduler closed (org.apache.kafka.common.metrics.Metrics:668)
[2023-10-05 19:14:00,635] INFO Closing reporter org.apache.kafka.common.metrics.JmxReporter (org.apache.kafka.common.metrics.Metrics:672)
[2023-10-05 19:14:00,643] INFO Metrics reporters closed (org.apache.kafka.common.metrics.Metrics:678)
[2023-10-05 19:14:00,667] INFO App info kafka.connect for connect-1 unregistered (org.apache.kafka.common.utils.AppInfoParser:83)
[2023-10-05 19:14:00,669] INFO Stopping KafkaBasedLog for topic connect-status (org.apache.kafka.connect.util.KafkaBasedLog:170)
[2023-10-05 19:14:00,670] INFO [Producer clientId=producer-2] Closing the Kafka producer with timeoutMillis = 9223372036854775807 ms. (org.apache.kafka.clients.producer.KafkaProducer:1205)
[2023-10-05 19:14:00,676] INFO Metrics scheduler closed (org.apache.kafka.common.metrics.Metrics:668)
[2023-10-05 19:14:00,677] INFO Closing reporter org.apache.kafka.common.metrics.JmxReporter (org.apache.kafka.common.metrics.Metrics:672)
[2023-10-05 19:14:00,677] INFO Metrics reporters closed (org.apache.kafka.common.metrics.Metrics:678)
[2023-10-05 19:14:00,678] INFO App info kafka.producer for producer-2 unregistered (org.apache.kafka.common.utils.AppInfoParser:83)
[2023-10-05 19:14:00,684] INFO Metrics scheduler closed (org.apache.kafka.common.metrics.Metrics:668)
[2023-10-05 19:14:00,685] INFO Closing reporter org.apache.kafka.common.metrics.JmxReporter (org.apache.kafka.common.metrics.Metrics:672)
[2023-10-05 19:14:00,685] INFO Metrics reporters closed (org.apache.kafka.common.metrics.Metrics:678)
[2023-10-05 19:14:00,687] INFO App info kafka.consumer for consumer-connect-cluster-2 unregistered (org.apache.kafka.common.utils.AppInfoParser:83)
[2023-10-05 19:14:00,688] INFO Stopped KafkaBasedLog for topic connect-status (org.apache.kafka.connect.util.KafkaBasedLog:196)
[2023-10-05 19:14:00,688] INFO Closing KafkaConfigBackingStore (org.apache.kafka.connect.storage.KafkaConfigBackingStore:285)
[2023-10-05 19:14:00,689] INFO Stopping KafkaBasedLog for topic connect-configs (org.apache.kafka.connect.util.KafkaBasedLog:170)
[2023-10-05 19:14:00,690] INFO [Producer clientId=producer-3] Closing the Kafka producer with timeoutMillis = 9223372036854775807 ms. (org.apache.kafka.clients.producer.KafkaProducer:1205)
[2023-10-05 19:14:00,693] INFO Metrics scheduler closed (org.apache.kafka.common.metrics.Metrics:668)
[2023-10-05 19:14:00,693] INFO Closing reporter org.apache.kafka.common.metrics.JmxReporter (org.apache.kafka.common.metrics.Metrics:672)
[2023-10-05 19:14:00,694] INFO Metrics reporters closed (org.apache.kafka.common.metrics.Metrics:678)
[2023-10-05 19:14:00,694] INFO App info kafka.producer for producer-3 unregistered (org.apache.kafka.common.utils.AppInfoParser:83)
[2023-10-05 19:14:00,695] INFO Metrics scheduler closed (org.apache.kafka.common.metrics.Metrics:668)
[2023-10-05 19:14:00,696] INFO Closing reporter org.apache.kafka.common.metrics.JmxReporter (org.apache.kafka.common.metrics.Metrics:672)
[2023-10-05 19:14:00,696] INFO Metrics reporters closed (org.apache.kafka.common.metrics.Metrics:678)
[2023-10-05 19:14:00,699] INFO App info kafka.consumer for consumer-connect-cluster-3 unregistered (org.apache.kafka.common.utils.AppInfoParser:83)
[2023-10-05 19:14:00,699] INFO Stopped KafkaBasedLog for topic connect-configs (org.apache.kafka.connect.util.KafkaBasedLog:196)
[2023-10-05 19:14:00,699] INFO Closed KafkaConfigBackingStore (org.apache.kafka.connect.storage.KafkaConfigBackingStore:287)
[2023-10-05 19:14:00,699] INFO Worker stopping (org.apache.kafka.connect.runtime.Worker:209)
[2023-10-05 19:14:00,702] INFO Stopping KafkaOffsetBackingStore (org.apache.kafka.connect.storage.KafkaOffsetBackingStore:134)
[2023-10-05 19:14:00,702] INFO Stopping KafkaBasedLog for topic connect-offsets (org.apache.kafka.connect.util.KafkaBasedLog:170)
[2023-10-05 19:14:00,704] INFO [Producer clientId=producer-1] Closing the Kafka producer with timeoutMillis = 9223372036854775807 ms. (org.apache.kafka.clients.producer.KafkaProducer:1205)
[2023-10-05 19:14:00,707] INFO Metrics scheduler closed (org.apache.kafka.common.metrics.Metrics:668)
[2023-10-05 19:14:00,708] INFO Closing reporter org.apache.kafka.common.metrics.JmxReporter (org.apache.kafka.common.metrics.Metrics:672)
[2023-10-05 19:14:00,708] INFO Metrics reporters closed (org.apache.kafka.common.metrics.Metrics:678)
[2023-10-05 19:14:00,710] INFO App info kafka.producer for producer-1 unregistered (org.apache.kafka.common.utils.AppInfoParser:83)
[2023-10-05 19:14:00,713] INFO Metrics scheduler closed (org.apache.kafka.common.metrics.Metrics:668)
[2023-10-05 19:14:00,714] INFO Closing reporter org.apache.kafka.common.metrics.JmxReporter (org.apache.kafka.common.metrics.Metrics:672)
[2023-10-05 19:14:00,716] INFO Metrics reporters closed (org.apache.kafka.common.metrics.Metrics:678)
[2023-10-05 19:14:00,724] INFO App info kafka.consumer for consumer-connect-cluster-1 unregistered (org.apache.kafka.common.utils.AppInfoParser:83)
[2023-10-05 19:14:00,725] INFO Stopped KafkaBasedLog for topic connect-offsets (org.apache.kafka.connect.util.KafkaBasedLog:196)
[2023-10-05 19:14:00,725] INFO Stopped KafkaOffsetBackingStore (org.apache.kafka.connect.storage.KafkaOffsetBackingStore:136)
[2023-10-05 19:14:00,725] INFO Metrics scheduler closed (org.apache.kafka.common.metrics.Metrics:668)
[2023-10-05 19:14:00,726] INFO Closing reporter org.apache.kafka.common.metrics.JmxReporter (org.apache.kafka.common.metrics.Metrics:672)
[2023-10-05 19:14:00,726] INFO Metrics reporters closed (org.apache.kafka.common.metrics.Metrics:678)
[2023-10-05 19:14:00,728] INFO App info kafka.connect for 218.38.137.27:8083 unregistered (org.apache.kafka.common.utils.AppInfoParser:83)
[2023-10-05 19:14:00,728] INFO Worker stopped (org.apache.kafka.connect.runtime.Worker:230)
[2023-10-05 19:14:00,744] INFO [Worker clientId=connect-1, groupId=connect-cluster] Herder stopped (org.apache.kafka.connect.runtime.distributed.DistributedHerder:300)
[2023-10-05 19:14:00,748] INFO [Worker clientId=connect-1, groupId=connect-cluster] Herder stopped (org.apache.kafka.connect.runtime.distributed.DistributedHerder:702)
[2023-10-05 19:14:00,749] INFO Kafka Connect stopped (org.apache.kafka.connect.runtime.Connect:72)
