[2023-10-04 14:00:12,640] INFO [BrokerToControllerChannelManager id=0 name=forwarding] Node 0 disconnected. (org.apache.kafka.clients.NetworkClient)
[2023-10-04 14:06:49,720] INFO [GroupCoordinator 0]: Preparing to rebalance group consumerGroupId in state PreparingRebalance with old generation 1 (__consumer_offsets-20) (reason: Removing member consumer-consumerGroupId-1-32950a5b-4ac7-41db-b779-9d31a23fcddf on LeaveGroup; client reason: not provided) (kafka.coordinator.group.GroupCoordinator)
[2023-10-04 14:06:49,729] INFO [GroupCoordinator 0]: Group consumerGroupId with generation 2 is now empty (__consumer_offsets-20) (kafka.coordinator.group.GroupCoordinator)
[2023-10-04 14:06:49,748] INFO [GroupCoordinator 0]: Member MemberMetadata(memberId=consumer-consumerGroupId-1-32950a5b-4ac7-41db-b779-9d31a23fcddf, groupInstanceId=None, clientId=consumer-consumerGroupId-1, clientHost=/127.0.0.1, sessionTimeoutMs=45000, rebalanceTimeoutMs=300000, supportedProtocols=List(range, cooperative-sticky)) has left group consumerGroupId through explicit `LeaveGroup`; client reason: not provided (kafka.coordinator.group.GroupCoordinator)
[2023-10-04 14:07:03,605] INFO [GroupCoordinator 0]: Dynamic member with unknown member id joins group consumerGroupId in Empty state. Created a new member id consumer-consumerGroupId-1-99eb3bd9-c51b-41d5-861f-9c037fcc4e31 and request the member to rejoin with this id. (kafka.coordinator.group.GroupCoordinator)
[2023-10-04 14:07:03,618] INFO [GroupCoordinator 0]: Preparing to rebalance group consumerGroupId in state PreparingRebalance with old generation 2 (__consumer_offsets-20) (reason: Adding new member consumer-consumerGroupId-1-99eb3bd9-c51b-41d5-861f-9c037fcc4e31 with group instance id None; client reason: not provided) (kafka.coordinator.group.GroupCoordinator)
[2023-10-04 14:07:03,628] INFO [GroupCoordinator 0]: Stabilized group consumerGroupId generation 3 (__consumer_offsets-20) with 1 members (kafka.coordinator.group.GroupCoordinator)
[2023-10-04 14:07:03,650] INFO [GroupCoordinator 0]: Assignment received from leader consumer-consumerGroupId-1-99eb3bd9-c51b-41d5-861f-9c037fcc4e31 for group consumerGroupId for generation 3. The group has 1 members, 0 of which are static. (kafka.coordinator.group.GroupCoordinator)
[2023-10-04 14:14:48,330] INFO Creating topic connect-offsets with configuration {cleanup.policy=compact} and initial partition assignment HashMap(0 -> ArrayBuffer(0), 1 -> ArrayBuffer(0), 2 -> ArrayBuffer(0), 3 -> ArrayBuffer(0), 4 -> ArrayBuffer(0), 5 -> ArrayBuffer(0), 6 -> ArrayBuffer(0), 7 -> ArrayBuffer(0), 8 -> ArrayBuffer(0), 9 -> ArrayBuffer(0), 10 -> ArrayBuffer(0), 11 -> ArrayBuffer(0), 12 -> ArrayBuffer(0), 13 -> ArrayBuffer(0), 14 -> ArrayBuffer(0), 15 -> ArrayBuffer(0), 16 -> ArrayBuffer(0), 17 -> ArrayBuffer(0), 18 -> ArrayBuffer(0), 19 -> ArrayBuffer(0), 20 -> ArrayBuffer(0), 21 -> ArrayBuffer(0), 22 -> ArrayBuffer(0), 23 -> ArrayBuffer(0), 24 -> ArrayBuffer(0)) (kafka.zk.AdminZkClient)
[2023-10-04 14:14:48,838] INFO [Controller id=0, targetBrokerId=0] Node 0 disconnected. (org.apache.kafka.clients.NetworkClient)
[2023-10-04 14:14:48,867] INFO [ReplicaFetcherManager on broker 0] Removed fetcher for partitions HashSet(connect-offsets-20, connect-offsets-6, connect-offsets-17, connect-offsets-15, connect-offsets-7, connect-offsets-24, connect-offsets-16, connect-offsets-3, connect-offsets-21, connect-offsets-11, connect-offsets-10, connect-offsets-2, connect-offsets-18, connect-offsets-23, connect-offsets-4, connect-offsets-12, connect-offsets-5, connect-offsets-13, connect-offsets-14, connect-offsets-0, connect-offsets-8, connect-offsets-9, connect-offsets-1, connect-offsets-19, connect-offsets-22) (kafka.server.ReplicaFetcherManager)
[2023-10-04 14:14:48,877] INFO [Partition connect-offsets-24 broker=0] No checkpointed highwatermark is found for partition connect-offsets-24 (kafka.cluster.Partition)
[2023-10-04 14:14:48,893] INFO [Partition connect-offsets-24 broker=0] Log loaded for partition connect-offsets-24 with initial high watermark 0 (kafka.cluster.Partition)
[2023-10-04 14:14:48,916] INFO [Partition connect-offsets-9 broker=0] No checkpointed highwatermark is found for partition connect-offsets-9 (kafka.cluster.Partition)
[2023-10-04 14:14:48,916] INFO [Partition connect-offsets-9 broker=0] Log loaded for partition connect-offsets-9 with initial high watermark 0 (kafka.cluster.Partition)
[2023-10-04 14:14:48,953] INFO [Partition connect-offsets-20 broker=0] No checkpointed highwatermark is found for partition connect-offsets-20 (kafka.cluster.Partition)
[2023-10-04 14:14:48,953] INFO [Partition connect-offsets-20 broker=0] Log loaded for partition connect-offsets-20 with initial high watermark 0 (kafka.cluster.Partition)
[2023-10-04 14:14:48,991] INFO [Partition connect-offsets-5 broker=0] No checkpointed highwatermark is found for partition connect-offsets-5 (kafka.cluster.Partition)
[2023-10-04 14:14:48,991] INFO [Partition connect-offsets-5 broker=0] Log loaded for partition connect-offsets-5 with initial high watermark 0 (kafka.cluster.Partition)
[2023-10-04 14:14:49,011] INFO [Partition connect-offsets-17 broker=0] No checkpointed highwatermark is found for partition connect-offsets-17 (kafka.cluster.Partition)
[2023-10-04 14:14:49,012] INFO [Partition connect-offsets-17 broker=0] Log loaded for partition connect-offsets-17 with initial high watermark 0 (kafka.cluster.Partition)
[2023-10-04 14:14:49,053] INFO [Partition connect-offsets-2 broker=0] No checkpointed highwatermark is found for partition connect-offsets-2 (kafka.cluster.Partition)
[2023-10-04 14:14:49,055] INFO [Partition connect-offsets-2 broker=0] Log loaded for partition connect-offsets-2 with initial high watermark 0 (kafka.cluster.Partition)
[2023-10-04 14:14:49,077] INFO [Partition connect-offsets-13 broker=0] No checkpointed highwatermark is found for partition connect-offsets-13 (kafka.cluster.Partition)
[2023-10-04 14:14:49,079] INFO [Partition connect-offsets-13 broker=0] Log loaded for partition connect-offsets-13 with initial high watermark 0 (kafka.cluster.Partition)
[2023-10-04 14:14:49,120] INFO [Partition connect-offsets-8 broker=0] No checkpointed highwatermark is found for partition connect-offsets-8 (kafka.cluster.Partition)
[2023-10-04 14:14:49,121] INFO [Partition connect-offsets-8 broker=0] Log loaded for partition connect-offsets-8 with initial high watermark 0 (kafka.cluster.Partition)
[2023-10-04 14:14:49,160] INFO [Partition connect-offsets-4 broker=0] No checkpointed highwatermark is found for partition connect-offsets-4 (kafka.cluster.Partition)
[2023-10-04 14:14:49,160] INFO [Partition connect-offsets-4 broker=0] Log loaded for partition connect-offsets-4 with initial high watermark 0 (kafka.cluster.Partition)
[2023-10-04 14:14:49,197] INFO [Partition connect-offsets-23 broker=0] No checkpointed highwatermark is found for partition connect-offsets-23 (kafka.cluster.Partition)
[2023-10-04 14:14:49,197] INFO [Partition connect-offsets-23 broker=0] Log loaded for partition connect-offsets-23 with initial high watermark 0 (kafka.cluster.Partition)
[2023-10-04 14:14:49,272] INFO [Partition connect-offsets-16 broker=0] No checkpointed highwatermark is found for partition connect-offsets-16 (kafka.cluster.Partition)
[2023-10-04 14:14:49,273] INFO [Partition connect-offsets-16 broker=0] Log loaded for partition connect-offsets-16 with initial high watermark 0 (kafka.cluster.Partition)
[2023-10-04 14:14:49,365] INFO [Partition connect-offsets-1 broker=0] No checkpointed highwatermark is found for partition connect-offsets-1 (kafka.cluster.Partition)
[2023-10-04 14:14:49,365] INFO [Partition connect-offsets-1 broker=0] Log loaded for partition connect-offsets-1 with initial high watermark 0 (kafka.cluster.Partition)
[2023-10-04 14:14:49,385] INFO [Partition connect-offsets-12 broker=0] No checkpointed highwatermark is found for partition connect-offsets-12 (kafka.cluster.Partition)
[2023-10-04 14:14:49,385] INFO [Partition connect-offsets-12 broker=0] Log loaded for partition connect-offsets-12 with initial high watermark 0 (kafka.cluster.Partition)
[2023-10-04 14:14:49,439] INFO [Partition connect-offsets-11 broker=0] No checkpointed highwatermark is found for partition connect-offsets-11 (kafka.cluster.Partition)
[2023-10-04 14:14:49,439] INFO [Partition connect-offsets-11 broker=0] Log loaded for partition connect-offsets-11 with initial high watermark 0 (kafka.cluster.Partition)
[2023-10-04 14:14:49,459] INFO [Partition connect-offsets-22 broker=0] No checkpointed highwatermark is found for partition connect-offsets-22 (kafka.cluster.Partition)
[2023-10-04 14:14:49,459] INFO [Partition connect-offsets-22 broker=0] Log loaded for partition connect-offsets-22 with initial high watermark 0 (kafka.cluster.Partition)
[2023-10-04 14:14:49,495] INFO [Partition connect-offsets-7 broker=0] No checkpointed highwatermark is found for partition connect-offsets-7 (kafka.cluster.Partition)
[2023-10-04 14:14:49,495] INFO [Partition connect-offsets-7 broker=0] Log loaded for partition connect-offsets-7 with initial high watermark 0 (kafka.cluster.Partition)
[2023-10-04 14:14:49,541] INFO [Partition connect-offsets-0 broker=0] No checkpointed highwatermark is found for partition connect-offsets-0 (kafka.cluster.Partition)
[2023-10-04 14:14:49,542] INFO [Partition connect-offsets-0 broker=0] Log loaded for partition connect-offsets-0 with initial high watermark 0 (kafka.cluster.Partition)
[2023-10-04 14:14:49,579] INFO [Partition connect-offsets-19 broker=0] No checkpointed highwatermark is found for partition connect-offsets-19 (kafka.cluster.Partition)
[2023-10-04 14:14:49,580] INFO [Partition connect-offsets-19 broker=0] Log loaded for partition connect-offsets-19 with initial high watermark 0 (kafka.cluster.Partition)
[2023-10-04 14:14:49,618] INFO [Partition connect-offsets-15 broker=0] No checkpointed highwatermark is found for partition connect-offsets-15 (kafka.cluster.Partition)
[2023-10-04 14:14:49,618] INFO [Partition connect-offsets-15 broker=0] Log loaded for partition connect-offsets-15 with initial high watermark 0 (kafka.cluster.Partition)
[2023-10-04 14:14:49,657] INFO [Partition connect-offsets-10 broker=0] No checkpointed highwatermark is found for partition connect-offsets-10 (kafka.cluster.Partition)
[2023-10-04 14:14:49,657] INFO [Partition connect-offsets-10 broker=0] Log loaded for partition connect-offsets-10 with initial high watermark 0 (kafka.cluster.Partition)
[2023-10-04 14:14:49,698] INFO [Partition connect-offsets-21 broker=0] No checkpointed highwatermark is found for partition connect-offsets-21 (kafka.cluster.Partition)
[2023-10-04 14:14:49,699] INFO [Partition connect-offsets-21 broker=0] Log loaded for partition connect-offsets-21 with initial high watermark 0 (kafka.cluster.Partition)
[2023-10-04 14:14:49,739] INFO [Partition connect-offsets-6 broker=0] No checkpointed highwatermark is found for partition connect-offsets-6 (kafka.cluster.Partition)
[2023-10-04 14:14:49,740] INFO [Partition connect-offsets-6 broker=0] Log loaded for partition connect-offsets-6 with initial high watermark 0 (kafka.cluster.Partition)
[2023-10-04 14:14:49,763] INFO [Partition connect-offsets-18 broker=0] No checkpointed highwatermark is found for partition connect-offsets-18 (kafka.cluster.Partition)
[2023-10-04 14:14:49,765] INFO [Partition connect-offsets-18 broker=0] Log loaded for partition connect-offsets-18 with initial high watermark 0 (kafka.cluster.Partition)
[2023-10-04 14:14:49,807] INFO [Partition connect-offsets-3 broker=0] No checkpointed highwatermark is found for partition connect-offsets-3 (kafka.cluster.Partition)
[2023-10-04 14:14:49,807] INFO [Partition connect-offsets-3 broker=0] Log loaded for partition connect-offsets-3 with initial high watermark 0 (kafka.cluster.Partition)
[2023-10-04 14:14:49,829] INFO [Partition connect-offsets-14 broker=0] No checkpointed highwatermark is found for partition connect-offsets-14 (kafka.cluster.Partition)
[2023-10-04 14:14:49,831] INFO [Partition connect-offsets-14 broker=0] Log loaded for partition connect-offsets-14 with initial high watermark 0 (kafka.cluster.Partition)
[2023-10-04 14:14:50,130] INFO Creating topic connect-status with configuration {cleanup.policy=compact} and initial partition assignment HashMap(0 -> ArrayBuffer(0), 1 -> ArrayBuffer(0), 2 -> ArrayBuffer(0), 3 -> ArrayBuffer(0), 4 -> ArrayBuffer(0)) (kafka.zk.AdminZkClient)
[2023-10-04 14:14:50,324] INFO [ReplicaFetcherManager on broker 0] Removed fetcher for partitions HashSet(connect-status-4, connect-status-3, connect-status-2, connect-status-0, connect-status-1) (kafka.server.ReplicaFetcherManager)
[2023-10-04 14:14:50,331] INFO [Partition connect-status-4 broker=0] No checkpointed highwatermark is found for partition connect-status-4 (kafka.cluster.Partition)
[2023-10-04 14:14:50,347] INFO [Partition connect-status-4 broker=0] Log loaded for partition connect-status-4 with initial high watermark 0 (kafka.cluster.Partition)
[2023-10-04 14:14:50,371] INFO [Partition connect-status-1 broker=0] No checkpointed highwatermark is found for partition connect-status-1 (kafka.cluster.Partition)
[2023-10-04 14:14:50,371] INFO [Partition connect-status-1 broker=0] Log loaded for partition connect-status-1 with initial high watermark 0 (kafka.cluster.Partition)
[2023-10-04 14:14:50,408] INFO [Partition connect-status-0 broker=0] No checkpointed highwatermark is found for partition connect-status-0 (kafka.cluster.Partition)
[2023-10-04 14:14:50,408] INFO [Partition connect-status-0 broker=0] Log loaded for partition connect-status-0 with initial high watermark 0 (kafka.cluster.Partition)
[2023-10-04 14:14:50,462] INFO [Partition connect-status-3 broker=0] No checkpointed highwatermark is found for partition connect-status-3 (kafka.cluster.Partition)
[2023-10-04 14:14:50,462] INFO [Partition connect-status-3 broker=0] Log loaded for partition connect-status-3 with initial high watermark 0 (kafka.cluster.Partition)
[2023-10-04 14:14:50,469] INFO [Partition connect-status-2 broker=0] No checkpointed highwatermark is found for partition connect-status-2 (kafka.cluster.Partition)
[2023-10-04 14:14:50,469] INFO [Partition connect-status-2 broker=0] Log loaded for partition connect-status-2 with initial high watermark 0 (kafka.cluster.Partition)
[2023-10-04 14:14:50,570] INFO Creating topic connect-configs with configuration {cleanup.policy=compact} and initial partition assignment HashMap(0 -> ArrayBuffer(0)) (kafka.zk.AdminZkClient)
[2023-10-04 14:14:50,704] INFO [ReplicaFetcherManager on broker 0] Removed fetcher for partitions Set(connect-configs-0) (kafka.server.ReplicaFetcherManager)
[2023-10-04 14:14:50,705] INFO [Partition connect-configs-0 broker=0] No checkpointed highwatermark is found for partition connect-configs-0 (kafka.cluster.Partition)
[2023-10-04 14:14:50,705] INFO [Partition connect-configs-0 broker=0] Log loaded for partition connect-configs-0 with initial high watermark 0 (kafka.cluster.Partition)
[2023-10-04 14:14:50,846] INFO [GroupCoordinator 0]: Dynamic member with unknown member id joins group connect-cluster in Empty state. Created a new member id connect-1-8515cc2c-ebb8-445d-8758-31065772bceb and request the member to rejoin with this id. (kafka.coordinator.group.GroupCoordinator)
[2023-10-04 14:14:50,851] INFO [GroupCoordinator 0]: Preparing to rebalance group connect-cluster in state PreparingRebalance with old generation 0 (__consumer_offsets-13) (reason: Adding new member connect-1-8515cc2c-ebb8-445d-8758-31065772bceb with group instance id None; client reason: not provided) (kafka.coordinator.group.GroupCoordinator)
[2023-10-04 14:14:50,855] INFO [GroupCoordinator 0]: Stabilized group connect-cluster generation 1 (__consumer_offsets-13) with 1 members (kafka.coordinator.group.GroupCoordinator)
[2023-10-04 14:14:50,878] INFO [GroupCoordinator 0]: Assignment received from leader connect-1-8515cc2c-ebb8-445d-8758-31065772bceb for group connect-cluster for generation 1. The group has 1 members, 0 of which are static. (kafka.coordinator.group.GroupCoordinator)
[2023-10-04 14:26:37,833] INFO [GroupCoordinator 0]: Preparing to rebalance group connect-cluster in state PreparingRebalance with old generation 1 (__consumer_offsets-13) (reason: Leader connect-1-8515cc2c-ebb8-445d-8758-31065772bceb re-joining group during Stable; client reason: not provided) (kafka.coordinator.group.GroupCoordinator)
[2023-10-04 14:26:37,834] INFO [GroupCoordinator 0]: Stabilized group connect-cluster generation 2 (__consumer_offsets-13) with 1 members (kafka.coordinator.group.GroupCoordinator)
[2023-10-04 14:26:37,871] INFO [GroupCoordinator 0]: Assignment received from leader connect-1-8515cc2c-ebb8-445d-8758-31065772bceb for group connect-cluster for generation 2. The group has 1 members, 0 of which are static. (kafka.coordinator.group.GroupCoordinator)
[2023-10-04 14:26:38,373] INFO [GroupCoordinator 0]: Preparing to rebalance group connect-cluster in state PreparingRebalance with old generation 2 (__consumer_offsets-13) (reason: Leader connect-1-8515cc2c-ebb8-445d-8758-31065772bceb re-joining group during Stable; client reason: not provided) (kafka.coordinator.group.GroupCoordinator)
[2023-10-04 14:26:38,375] INFO [GroupCoordinator 0]: Stabilized group connect-cluster generation 3 (__consumer_offsets-13) with 1 members (kafka.coordinator.group.GroupCoordinator)
[2023-10-04 14:26:38,393] INFO [GroupCoordinator 0]: Assignment received from leader connect-1-8515cc2c-ebb8-445d-8758-31065772bceb for group connect-cluster for generation 3. The group has 1 members, 0 of which are static. (kafka.coordinator.group.GroupCoordinator)
[2023-10-04 14:26:38,570] INFO [GroupCoordinator 0]: Dynamic member with unknown member id joins group connect-my-order-sink-connect in Empty state. Created a new member id connector-consumer-my-order-sink-connect-0-f47f56e2-d073-4185-ba3c-99b908917577 and request the member to rejoin with this id. (kafka.coordinator.group.GroupCoordinator)
[2023-10-04 14:26:38,575] INFO [GroupCoordinator 0]: Preparing to rebalance group connect-my-order-sink-connect in state PreparingRebalance with old generation 0 (__consumer_offsets-23) (reason: Adding new member connector-consumer-my-order-sink-connect-0-f47f56e2-d073-4185-ba3c-99b908917577 with group instance id None; client reason: not provided) (kafka.coordinator.group.GroupCoordinator)
[2023-10-04 14:26:38,579] INFO [GroupCoordinator 0]: Stabilized group connect-my-order-sink-connect generation 1 (__consumer_offsets-23) with 1 members (kafka.coordinator.group.GroupCoordinator)
[2023-10-04 14:26:38,590] INFO [GroupCoordinator 0]: Assignment received from leader connector-consumer-my-order-sink-connect-0-f47f56e2-d073-4185-ba3c-99b908917577 for group connect-my-order-sink-connect for generation 1. The group has 1 members, 0 of which are static. (kafka.coordinator.group.GroupCoordinator)
