[2023-10-04 14:14:48,462] INFO [Controller id=0 epoch=1] Changed partition connect-offsets-20 state from NonExistentPartition to NewPartition with assigned replicas 0 (state.change.logger)
[2023-10-04 14:14:48,464] INFO [Controller id=0 epoch=1] Changed partition connect-offsets-6 state from NonExistentPartition to NewPartition with assigned replicas 0 (state.change.logger)
[2023-10-04 14:14:48,464] INFO [Controller id=0 epoch=1] Changed partition connect-offsets-17 state from NonExistentPartition to NewPartition with assigned replicas 0 (state.change.logger)
[2023-10-04 14:14:48,465] INFO [Controller id=0 epoch=1] Changed partition connect-offsets-15 state from NonExistentPartition to NewPartition with assigned replicas 0 (state.change.logger)
[2023-10-04 14:14:48,465] INFO [Controller id=0 epoch=1] Changed partition connect-offsets-7 state from NonExistentPartition to NewPartition with assigned replicas 0 (state.change.logger)
[2023-10-04 14:14:48,465] INFO [Controller id=0 epoch=1] Changed partition connect-offsets-24 state from NonExistentPartition to NewPartition with assigned replicas 0 (state.change.logger)
[2023-10-04 14:14:48,465] INFO [Controller id=0 epoch=1] Changed partition connect-offsets-16 state from NonExistentPartition to NewPartition with assigned replicas 0 (state.change.logger)
[2023-10-04 14:14:48,465] INFO [Controller id=0 epoch=1] Changed partition connect-offsets-3 state from NonExistentPartition to NewPartition with assigned replicas 0 (state.change.logger)
[2023-10-04 14:14:48,465] INFO [Controller id=0 epoch=1] Changed partition connect-offsets-21 state from NonExistentPartition to NewPartition with assigned replicas 0 (state.change.logger)
[2023-10-04 14:14:48,465] INFO [Controller id=0 epoch=1] Changed partition connect-offsets-11 state from NonExistentPartition to NewPartition with assigned replicas 0 (state.change.logger)
[2023-10-04 14:14:48,465] INFO [Controller id=0 epoch=1] Changed partition connect-offsets-10 state from NonExistentPartition to NewPartition with assigned replicas 0 (state.change.logger)
[2023-10-04 14:14:48,465] INFO [Controller id=0 epoch=1] Changed partition connect-offsets-2 state from NonExistentPartition to NewPartition with assigned replicas 0 (state.change.logger)
[2023-10-04 14:14:48,465] INFO [Controller id=0 epoch=1] Changed partition connect-offsets-18 state from NonExistentPartition to NewPartition with assigned replicas 0 (state.change.logger)
[2023-10-04 14:14:48,465] INFO [Controller id=0 epoch=1] Changed partition connect-offsets-23 state from NonExistentPartition to NewPartition with assigned replicas 0 (state.change.logger)
[2023-10-04 14:14:48,465] INFO [Controller id=0 epoch=1] Changed partition connect-offsets-4 state from NonExistentPartition to NewPartition with assigned replicas 0 (state.change.logger)
[2023-10-04 14:14:48,465] INFO [Controller id=0 epoch=1] Changed partition connect-offsets-12 state from NonExistentPartition to NewPartition with assigned replicas 0 (state.change.logger)
[2023-10-04 14:14:48,465] INFO [Controller id=0 epoch=1] Changed partition connect-offsets-5 state from NonExistentPartition to NewPartition with assigned replicas 0 (state.change.logger)
[2023-10-04 14:14:48,465] INFO [Controller id=0 epoch=1] Changed partition connect-offsets-13 state from NonExistentPartition to NewPartition with assigned replicas 0 (state.change.logger)
[2023-10-04 14:14:48,465] INFO [Controller id=0 epoch=1] Changed partition connect-offsets-14 state from NonExistentPartition to NewPartition with assigned replicas 0 (state.change.logger)
[2023-10-04 14:14:48,465] INFO [Controller id=0 epoch=1] Changed partition connect-offsets-0 state from NonExistentPartition to NewPartition with assigned replicas 0 (state.change.logger)
[2023-10-04 14:14:48,465] INFO [Controller id=0 epoch=1] Changed partition connect-offsets-8 state from NonExistentPartition to NewPartition with assigned replicas 0 (state.change.logger)
[2023-10-04 14:14:48,465] INFO [Controller id=0 epoch=1] Changed partition connect-offsets-9 state from NonExistentPartition to NewPartition with assigned replicas 0 (state.change.logger)
[2023-10-04 14:14:48,465] INFO [Controller id=0 epoch=1] Changed partition connect-offsets-1 state from NonExistentPartition to NewPartition with assigned replicas 0 (state.change.logger)
[2023-10-04 14:14:48,465] INFO [Controller id=0 epoch=1] Changed partition connect-offsets-19 state from NonExistentPartition to NewPartition with assigned replicas 0 (state.change.logger)
[2023-10-04 14:14:48,465] INFO [Controller id=0 epoch=1] Changed partition connect-offsets-22 state from NonExistentPartition to NewPartition with assigned replicas 0 (state.change.logger)
[2023-10-04 14:14:48,465] INFO [Controller id=0 epoch=1] Sending UpdateMetadata request to brokers HashSet() for 0 partitions (state.change.logger)
[2023-10-04 14:14:48,474] INFO [Controller id=0 epoch=1] Sending UpdateMetadata request to brokers HashSet() for 0 partitions (state.change.logger)
[2023-10-04 14:14:48,826] INFO [Controller id=0 epoch=1] Changed partition connect-offsets-20 from NewPartition to OnlinePartition with state LeaderAndIsr(leader=0, leaderEpoch=0, isrWithBrokerEpoch=List(BrokerState(brokerId=0, brokerEpoch=-1)), leaderRecoveryState=RECOVERED, partitionEpoch=0) (state.change.logger)
[2023-10-04 14:14:48,827] INFO [Controller id=0 epoch=1] Changed partition connect-offsets-6 from NewPartition to OnlinePartition with state LeaderAndIsr(leader=0, leaderEpoch=0, isrWithBrokerEpoch=List(BrokerState(brokerId=0, brokerEpoch=-1)), leaderRecoveryState=RECOVERED, partitionEpoch=0) (state.change.logger)
[2023-10-04 14:14:48,827] INFO [Controller id=0 epoch=1] Changed partition connect-offsets-17 from NewPartition to OnlinePartition with state LeaderAndIsr(leader=0, leaderEpoch=0, isrWithBrokerEpoch=List(BrokerState(brokerId=0, brokerEpoch=-1)), leaderRecoveryState=RECOVERED, partitionEpoch=0) (state.change.logger)
[2023-10-04 14:14:48,827] INFO [Controller id=0 epoch=1] Changed partition connect-offsets-15 from NewPartition to OnlinePartition with state LeaderAndIsr(leader=0, leaderEpoch=0, isrWithBrokerEpoch=List(BrokerState(brokerId=0, brokerEpoch=-1)), leaderRecoveryState=RECOVERED, partitionEpoch=0) (state.change.logger)
[2023-10-04 14:14:48,827] INFO [Controller id=0 epoch=1] Changed partition connect-offsets-7 from NewPartition to OnlinePartition with state LeaderAndIsr(leader=0, leaderEpoch=0, isrWithBrokerEpoch=List(BrokerState(brokerId=0, brokerEpoch=-1)), leaderRecoveryState=RECOVERED, partitionEpoch=0) (state.change.logger)
[2023-10-04 14:14:48,827] INFO [Controller id=0 epoch=1] Changed partition connect-offsets-24 from NewPartition to OnlinePartition with state LeaderAndIsr(leader=0, leaderEpoch=0, isrWithBrokerEpoch=List(BrokerState(brokerId=0, brokerEpoch=-1)), leaderRecoveryState=RECOVERED, partitionEpoch=0) (state.change.logger)
[2023-10-04 14:14:48,827] INFO [Controller id=0 epoch=1] Changed partition connect-offsets-16 from NewPartition to OnlinePartition with state LeaderAndIsr(leader=0, leaderEpoch=0, isrWithBrokerEpoch=List(BrokerState(brokerId=0, brokerEpoch=-1)), leaderRecoveryState=RECOVERED, partitionEpoch=0) (state.change.logger)
[2023-10-04 14:14:48,827] INFO [Controller id=0 epoch=1] Changed partition connect-offsets-3 from NewPartition to OnlinePartition with state LeaderAndIsr(leader=0, leaderEpoch=0, isrWithBrokerEpoch=List(BrokerState(brokerId=0, brokerEpoch=-1)), leaderRecoveryState=RECOVERED, partitionEpoch=0) (state.change.logger)
[2023-10-04 14:14:48,827] INFO [Controller id=0 epoch=1] Changed partition connect-offsets-21 from NewPartition to OnlinePartition with state LeaderAndIsr(leader=0, leaderEpoch=0, isrWithBrokerEpoch=List(BrokerState(brokerId=0, brokerEpoch=-1)), leaderRecoveryState=RECOVERED, partitionEpoch=0) (state.change.logger)
[2023-10-04 14:14:48,827] INFO [Controller id=0 epoch=1] Changed partition connect-offsets-11 from NewPartition to OnlinePartition with state LeaderAndIsr(leader=0, leaderEpoch=0, isrWithBrokerEpoch=List(BrokerState(brokerId=0, brokerEpoch=-1)), leaderRecoveryState=RECOVERED, partitionEpoch=0) (state.change.logger)
[2023-10-04 14:14:48,827] INFO [Controller id=0 epoch=1] Changed partition connect-offsets-10 from NewPartition to OnlinePartition with state LeaderAndIsr(leader=0, leaderEpoch=0, isrWithBrokerEpoch=List(BrokerState(brokerId=0, brokerEpoch=-1)), leaderRecoveryState=RECOVERED, partitionEpoch=0) (state.change.logger)
[2023-10-04 14:14:48,827] INFO [Controller id=0 epoch=1] Changed partition connect-offsets-2 from NewPartition to OnlinePartition with state LeaderAndIsr(leader=0, leaderEpoch=0, isrWithBrokerEpoch=List(BrokerState(brokerId=0, brokerEpoch=-1)), leaderRecoveryState=RECOVERED, partitionEpoch=0) (state.change.logger)
[2023-10-04 14:14:48,827] INFO [Controller id=0 epoch=1] Changed partition connect-offsets-18 from NewPartition to OnlinePartition with state LeaderAndIsr(leader=0, leaderEpoch=0, isrWithBrokerEpoch=List(BrokerState(brokerId=0, brokerEpoch=-1)), leaderRecoveryState=RECOVERED, partitionEpoch=0) (state.change.logger)
[2023-10-04 14:14:48,827] INFO [Controller id=0 epoch=1] Changed partition connect-offsets-23 from NewPartition to OnlinePartition with state LeaderAndIsr(leader=0, leaderEpoch=0, isrWithBrokerEpoch=List(BrokerState(brokerId=0, brokerEpoch=-1)), leaderRecoveryState=RECOVERED, partitionEpoch=0) (state.change.logger)
[2023-10-04 14:14:48,827] INFO [Controller id=0 epoch=1] Changed partition connect-offsets-4 from NewPartition to OnlinePartition with state LeaderAndIsr(leader=0, leaderEpoch=0, isrWithBrokerEpoch=List(BrokerState(brokerId=0, brokerEpoch=-1)), leaderRecoveryState=RECOVERED, partitionEpoch=0) (state.change.logger)
[2023-10-04 14:14:48,827] INFO [Controller id=0 epoch=1] Changed partition connect-offsets-12 from NewPartition to OnlinePartition with state LeaderAndIsr(leader=0, leaderEpoch=0, isrWithBrokerEpoch=List(BrokerState(brokerId=0, brokerEpoch=-1)), leaderRecoveryState=RECOVERED, partitionEpoch=0) (state.change.logger)
[2023-10-04 14:14:48,827] INFO [Controller id=0 epoch=1] Changed partition connect-offsets-5 from NewPartition to OnlinePartition with state LeaderAndIsr(leader=0, leaderEpoch=0, isrWithBrokerEpoch=List(BrokerState(brokerId=0, brokerEpoch=-1)), leaderRecoveryState=RECOVERED, partitionEpoch=0) (state.change.logger)
[2023-10-04 14:14:48,827] INFO [Controller id=0 epoch=1] Changed partition connect-offsets-13 from NewPartition to OnlinePartition with state LeaderAndIsr(leader=0, leaderEpoch=0, isrWithBrokerEpoch=List(BrokerState(brokerId=0, brokerEpoch=-1)), leaderRecoveryState=RECOVERED, partitionEpoch=0) (state.change.logger)
[2023-10-04 14:14:48,827] INFO [Controller id=0 epoch=1] Changed partition connect-offsets-14 from NewPartition to OnlinePartition with state LeaderAndIsr(leader=0, leaderEpoch=0, isrWithBrokerEpoch=List(BrokerState(brokerId=0, brokerEpoch=-1)), leaderRecoveryState=RECOVERED, partitionEpoch=0) (state.change.logger)
[2023-10-04 14:14:48,828] INFO [Controller id=0 epoch=1] Changed partition connect-offsets-0 from NewPartition to OnlinePartition with state LeaderAndIsr(leader=0, leaderEpoch=0, isrWithBrokerEpoch=List(BrokerState(brokerId=0, brokerEpoch=-1)), leaderRecoveryState=RECOVERED, partitionEpoch=0) (state.change.logger)
[2023-10-04 14:14:48,828] INFO [Controller id=0 epoch=1] Changed partition connect-offsets-8 from NewPartition to OnlinePartition with state LeaderAndIsr(leader=0, leaderEpoch=0, isrWithBrokerEpoch=List(BrokerState(brokerId=0, brokerEpoch=-1)), leaderRecoveryState=RECOVERED, partitionEpoch=0) (state.change.logger)
[2023-10-04 14:14:48,828] INFO [Controller id=0 epoch=1] Changed partition connect-offsets-9 from NewPartition to OnlinePartition with state LeaderAndIsr(leader=0, leaderEpoch=0, isrWithBrokerEpoch=List(BrokerState(brokerId=0, brokerEpoch=-1)), leaderRecoveryState=RECOVERED, partitionEpoch=0) (state.change.logger)
[2023-10-04 14:14:48,828] INFO [Controller id=0 epoch=1] Changed partition connect-offsets-1 from NewPartition to OnlinePartition with state LeaderAndIsr(leader=0, leaderEpoch=0, isrWithBrokerEpoch=List(BrokerState(brokerId=0, brokerEpoch=-1)), leaderRecoveryState=RECOVERED, partitionEpoch=0) (state.change.logger)
[2023-10-04 14:14:48,828] INFO [Controller id=0 epoch=1] Changed partition connect-offsets-19 from NewPartition to OnlinePartition with state LeaderAndIsr(leader=0, leaderEpoch=0, isrWithBrokerEpoch=List(BrokerState(brokerId=0, brokerEpoch=-1)), leaderRecoveryState=RECOVERED, partitionEpoch=0) (state.change.logger)
[2023-10-04 14:14:48,828] INFO [Controller id=0 epoch=1] Changed partition connect-offsets-22 from NewPartition to OnlinePartition with state LeaderAndIsr(leader=0, leaderEpoch=0, isrWithBrokerEpoch=List(BrokerState(brokerId=0, brokerEpoch=-1)), leaderRecoveryState=RECOVERED, partitionEpoch=0) (state.change.logger)
[2023-10-04 14:14:48,828] INFO [Controller id=0 epoch=1] Sending LeaderAndIsr request to broker 0 with 25 become-leader and 0 become-follower partitions (state.change.logger)
[2023-10-04 14:14:48,830] INFO [Controller id=0 epoch=1] Sending UpdateMetadata request to brokers HashSet(0) for 25 partitions (state.change.logger)
[2023-10-04 14:14:48,833] INFO [Controller id=0 epoch=1] Sending UpdateMetadata request to brokers HashSet() for 0 partitions (state.change.logger)
[2023-10-04 14:14:48,858] INFO [Broker id=0] Handling LeaderAndIsr request correlationId 7 from controller 0 for 25 partitions (state.change.logger)
[2023-10-04 14:14:48,870] INFO [Broker id=0] Stopped fetchers as part of LeaderAndIsr request correlationId 7 from controller 0 epoch 1 as part of the become-leader transition for 25 partitions (state.change.logger)
[2023-10-04 14:14:48,894] INFO [Broker id=0] Leader connect-offsets-24 with topic id Some(0miCYq7ySb69Kc8vPz4WNg) starts at leader epoch 0 from offset 0 with partition epoch 0, high watermark 0, ISR [0], adding replicas [] and removing replicas [] . Previous leader epoch was -1. (state.change.logger)
[2023-10-04 14:14:48,916] INFO [Broker id=0] Leader connect-offsets-9 with topic id Some(0miCYq7ySb69Kc8vPz4WNg) starts at leader epoch 0 from offset 0 with partition epoch 0, high watermark 0, ISR [0], adding replicas [] and removing replicas [] . Previous leader epoch was -1. (state.change.logger)
[2023-10-04 14:14:48,954] INFO [Broker id=0] Leader connect-offsets-20 with topic id Some(0miCYq7ySb69Kc8vPz4WNg) starts at leader epoch 0 from offset 0 with partition epoch 0, high watermark 0, ISR [0], adding replicas [] and removing replicas [] . Previous leader epoch was -1. (state.change.logger)
[2023-10-04 14:14:48,991] INFO [Broker id=0] Leader connect-offsets-5 with topic id Some(0miCYq7ySb69Kc8vPz4WNg) starts at leader epoch 0 from offset 0 with partition epoch 0, high watermark 0, ISR [0], adding replicas [] and removing replicas [] . Previous leader epoch was -1. (state.change.logger)
[2023-10-04 14:14:49,013] INFO [Broker id=0] Leader connect-offsets-17 with topic id Some(0miCYq7ySb69Kc8vPz4WNg) starts at leader epoch 0 from offset 0 with partition epoch 0, high watermark 0, ISR [0], adding replicas [] and removing replicas [] . Previous leader epoch was -1. (state.change.logger)
[2023-10-04 14:14:49,056] INFO [Broker id=0] Leader connect-offsets-2 with topic id Some(0miCYq7ySb69Kc8vPz4WNg) starts at leader epoch 0 from offset 0 with partition epoch 0, high watermark 0, ISR [0], adding replicas [] and removing replicas [] . Previous leader epoch was -1. (state.change.logger)
[2023-10-04 14:14:49,080] INFO [Broker id=0] Leader connect-offsets-13 with topic id Some(0miCYq7ySb69Kc8vPz4WNg) starts at leader epoch 0 from offset 0 with partition epoch 0, high watermark 0, ISR [0], adding replicas [] and removing replicas [] . Previous leader epoch was -1. (state.change.logger)
[2023-10-04 14:14:49,122] INFO [Broker id=0] Leader connect-offsets-8 with topic id Some(0miCYq7ySb69Kc8vPz4WNg) starts at leader epoch 0 from offset 0 with partition epoch 0, high watermark 0, ISR [0], adding replicas [] and removing replicas [] . Previous leader epoch was -1. (state.change.logger)
[2023-10-04 14:14:49,160] INFO [Broker id=0] Leader connect-offsets-4 with topic id Some(0miCYq7ySb69Kc8vPz4WNg) starts at leader epoch 0 from offset 0 with partition epoch 0, high watermark 0, ISR [0], adding replicas [] and removing replicas [] . Previous leader epoch was -1. (state.change.logger)
[2023-10-04 14:14:49,198] INFO [Broker id=0] Leader connect-offsets-23 with topic id Some(0miCYq7ySb69Kc8vPz4WNg) starts at leader epoch 0 from offset 0 with partition epoch 0, high watermark 0, ISR [0], adding replicas [] and removing replicas [] . Previous leader epoch was -1. (state.change.logger)
[2023-10-04 14:14:49,273] INFO [Broker id=0] Leader connect-offsets-16 with topic id Some(0miCYq7ySb69Kc8vPz4WNg) starts at leader epoch 0 from offset 0 with partition epoch 0, high watermark 0, ISR [0], adding replicas [] and removing replicas [] . Previous leader epoch was -1. (state.change.logger)
[2023-10-04 14:14:49,365] INFO [Broker id=0] Leader connect-offsets-1 with topic id Some(0miCYq7ySb69Kc8vPz4WNg) starts at leader epoch 0 from offset 0 with partition epoch 0, high watermark 0, ISR [0], adding replicas [] and removing replicas [] . Previous leader epoch was -1. (state.change.logger)
[2023-10-04 14:14:49,385] INFO [Broker id=0] Leader connect-offsets-12 with topic id Some(0miCYq7ySb69Kc8vPz4WNg) starts at leader epoch 0 from offset 0 with partition epoch 0, high watermark 0, ISR [0], adding replicas [] and removing replicas [] . Previous leader epoch was -1. (state.change.logger)
[2023-10-04 14:14:49,440] INFO [Broker id=0] Leader connect-offsets-11 with topic id Some(0miCYq7ySb69Kc8vPz4WNg) starts at leader epoch 0 from offset 0 with partition epoch 0, high watermark 0, ISR [0], adding replicas [] and removing replicas [] . Previous leader epoch was -1. (state.change.logger)
[2023-10-04 14:14:49,459] INFO [Broker id=0] Leader connect-offsets-22 with topic id Some(0miCYq7ySb69Kc8vPz4WNg) starts at leader epoch 0 from offset 0 with partition epoch 0, high watermark 0, ISR [0], adding replicas [] and removing replicas [] . Previous leader epoch was -1. (state.change.logger)
[2023-10-04 14:14:49,496] INFO [Broker id=0] Leader connect-offsets-7 with topic id Some(0miCYq7ySb69Kc8vPz4WNg) starts at leader epoch 0 from offset 0 with partition epoch 0, high watermark 0, ISR [0], adding replicas [] and removing replicas [] . Previous leader epoch was -1. (state.change.logger)
[2023-10-04 14:14:49,542] INFO [Broker id=0] Leader connect-offsets-0 with topic id Some(0miCYq7ySb69Kc8vPz4WNg) starts at leader epoch 0 from offset 0 with partition epoch 0, high watermark 0, ISR [0], adding replicas [] and removing replicas [] . Previous leader epoch was -1. (state.change.logger)
[2023-10-04 14:14:49,580] INFO [Broker id=0] Leader connect-offsets-19 with topic id Some(0miCYq7ySb69Kc8vPz4WNg) starts at leader epoch 0 from offset 0 with partition epoch 0, high watermark 0, ISR [0], adding replicas [] and removing replicas [] . Previous leader epoch was -1. (state.change.logger)
[2023-10-04 14:14:49,618] INFO [Broker id=0] Leader connect-offsets-15 with topic id Some(0miCYq7ySb69Kc8vPz4WNg) starts at leader epoch 0 from offset 0 with partition epoch 0, high watermark 0, ISR [0], adding replicas [] and removing replicas [] . Previous leader epoch was -1. (state.change.logger)
[2023-10-04 14:14:49,658] INFO [Broker id=0] Leader connect-offsets-10 with topic id Some(0miCYq7ySb69Kc8vPz4WNg) starts at leader epoch 0 from offset 0 with partition epoch 0, high watermark 0, ISR [0], adding replicas [] and removing replicas [] . Previous leader epoch was -1. (state.change.logger)
[2023-10-04 14:14:49,699] INFO [Broker id=0] Leader connect-offsets-21 with topic id Some(0miCYq7ySb69Kc8vPz4WNg) starts at leader epoch 0 from offset 0 with partition epoch 0, high watermark 0, ISR [0], adding replicas [] and removing replicas [] . Previous leader epoch was -1. (state.change.logger)
[2023-10-04 14:14:49,741] INFO [Broker id=0] Leader connect-offsets-6 with topic id Some(0miCYq7ySb69Kc8vPz4WNg) starts at leader epoch 0 from offset 0 with partition epoch 0, high watermark 0, ISR [0], adding replicas [] and removing replicas [] . Previous leader epoch was -1. (state.change.logger)
[2023-10-04 14:14:49,785] INFO [Broker id=0] Leader connect-offsets-18 with topic id Some(0miCYq7ySb69Kc8vPz4WNg) starts at leader epoch 0 from offset 0 with partition epoch 0, high watermark 0, ISR [0], adding replicas [] and removing replicas [] . Previous leader epoch was -1. (state.change.logger)
[2023-10-04 14:14:49,808] INFO [Broker id=0] Leader connect-offsets-3 with topic id Some(0miCYq7ySb69Kc8vPz4WNg) starts at leader epoch 0 from offset 0 with partition epoch 0, high watermark 0, ISR [0], adding replicas [] and removing replicas [] . Previous leader epoch was -1. (state.change.logger)
[2023-10-04 14:14:49,831] INFO [Broker id=0] Leader connect-offsets-14 with topic id Some(0miCYq7ySb69Kc8vPz4WNg) starts at leader epoch 0 from offset 0 with partition epoch 0, high watermark 0, ISR [0], adding replicas [] and removing replicas [] . Previous leader epoch was -1. (state.change.logger)
[2023-10-04 14:14:49,884] INFO [Broker id=0] Finished LeaderAndIsr request in 1026ms correlationId 7 from controller 0 for 25 partitions (state.change.logger)
[2023-10-04 14:14:49,901] INFO [Broker id=0] Add 25 partitions and deleted 0 partitions from metadata cache in response to UpdateMetadata request sent by controller 0 epoch 1 with correlation id 8 (state.change.logger)
[2023-10-04 14:14:50,207] INFO [Controller id=0 epoch=1] Changed partition connect-status-4 state from NonExistentPartition to NewPartition with assigned replicas 0 (state.change.logger)
[2023-10-04 14:14:50,207] INFO [Controller id=0 epoch=1] Changed partition connect-status-3 state from NonExistentPartition to NewPartition with assigned replicas 0 (state.change.logger)
[2023-10-04 14:14:50,207] INFO [Controller id=0 epoch=1] Changed partition connect-status-2 state from NonExistentPartition to NewPartition with assigned replicas 0 (state.change.logger)
[2023-10-04 14:14:50,207] INFO [Controller id=0 epoch=1] Changed partition connect-status-0 state from NonExistentPartition to NewPartition with assigned replicas 0 (state.change.logger)
[2023-10-04 14:14:50,207] INFO [Controller id=0 epoch=1] Changed partition connect-status-1 state from NonExistentPartition to NewPartition with assigned replicas 0 (state.change.logger)
[2023-10-04 14:14:50,207] INFO [Controller id=0 epoch=1] Sending UpdateMetadata request to brokers HashSet() for 0 partitions (state.change.logger)
[2023-10-04 14:14:50,209] INFO [Controller id=0 epoch=1] Sending UpdateMetadata request to brokers HashSet() for 0 partitions (state.change.logger)
[2023-10-04 14:14:50,318] INFO [Controller id=0 epoch=1] Changed partition connect-status-4 from NewPartition to OnlinePartition with state LeaderAndIsr(leader=0, leaderEpoch=0, isrWithBrokerEpoch=List(BrokerState(brokerId=0, brokerEpoch=-1)), leaderRecoveryState=RECOVERED, partitionEpoch=0) (state.change.logger)
[2023-10-04 14:14:50,318] INFO [Controller id=0 epoch=1] Changed partition connect-status-3 from NewPartition to OnlinePartition with state LeaderAndIsr(leader=0, leaderEpoch=0, isrWithBrokerEpoch=List(BrokerState(brokerId=0, brokerEpoch=-1)), leaderRecoveryState=RECOVERED, partitionEpoch=0) (state.change.logger)
[2023-10-04 14:14:50,318] INFO [Controller id=0 epoch=1] Changed partition connect-status-2 from NewPartition to OnlinePartition with state LeaderAndIsr(leader=0, leaderEpoch=0, isrWithBrokerEpoch=List(BrokerState(brokerId=0, brokerEpoch=-1)), leaderRecoveryState=RECOVERED, partitionEpoch=0) (state.change.logger)
[2023-10-04 14:14:50,318] INFO [Controller id=0 epoch=1] Changed partition connect-status-0 from NewPartition to OnlinePartition with state LeaderAndIsr(leader=0, leaderEpoch=0, isrWithBrokerEpoch=List(BrokerState(brokerId=0, brokerEpoch=-1)), leaderRecoveryState=RECOVERED, partitionEpoch=0) (state.change.logger)
[2023-10-04 14:14:50,318] INFO [Controller id=0 epoch=1] Changed partition connect-status-1 from NewPartition to OnlinePartition with state LeaderAndIsr(leader=0, leaderEpoch=0, isrWithBrokerEpoch=List(BrokerState(brokerId=0, brokerEpoch=-1)), leaderRecoveryState=RECOVERED, partitionEpoch=0) (state.change.logger)
[2023-10-04 14:14:50,319] INFO [Controller id=0 epoch=1] Sending LeaderAndIsr request to broker 0 with 5 become-leader and 0 become-follower partitions (state.change.logger)
[2023-10-04 14:14:50,319] INFO [Controller id=0 epoch=1] Sending UpdateMetadata request to brokers HashSet(0) for 5 partitions (state.change.logger)
[2023-10-04 14:14:50,321] INFO [Controller id=0 epoch=1] Sending UpdateMetadata request to brokers HashSet() for 0 partitions (state.change.logger)
[2023-10-04 14:14:50,321] INFO [Broker id=0] Handling LeaderAndIsr request correlationId 9 from controller 0 for 5 partitions (state.change.logger)
[2023-10-04 14:14:50,327] INFO [Broker id=0] Stopped fetchers as part of LeaderAndIsr request correlationId 9 from controller 0 epoch 1 as part of the become-leader transition for 5 partitions (state.change.logger)
[2023-10-04 14:14:50,347] INFO [Broker id=0] Leader connect-status-4 with topic id Some(5dfj9S-DRryyRxHqYalpLQ) starts at leader epoch 0 from offset 0 with partition epoch 0, high watermark 0, ISR [0], adding replicas [] and removing replicas [] . Previous leader epoch was -1. (state.change.logger)
[2023-10-04 14:14:50,371] INFO [Broker id=0] Leader connect-status-1 with topic id Some(5dfj9S-DRryyRxHqYalpLQ) starts at leader epoch 0 from offset 0 with partition epoch 0, high watermark 0, ISR [0], adding replicas [] and removing replicas [] . Previous leader epoch was -1. (state.change.logger)
[2023-10-04 14:14:50,408] INFO [Broker id=0] Leader connect-status-0 with topic id Some(5dfj9S-DRryyRxHqYalpLQ) starts at leader epoch 0 from offset 0 with partition epoch 0, high watermark 0, ISR [0], adding replicas [] and removing replicas [] . Previous leader epoch was -1. (state.change.logger)
[2023-10-04 14:14:50,462] INFO [Broker id=0] Leader connect-status-3 with topic id Some(5dfj9S-DRryyRxHqYalpLQ) starts at leader epoch 0 from offset 0 with partition epoch 0, high watermark 0, ISR [0], adding replicas [] and removing replicas [] . Previous leader epoch was -1. (state.change.logger)
[2023-10-04 14:14:50,469] INFO [Broker id=0] Leader connect-status-2 with topic id Some(5dfj9S-DRryyRxHqYalpLQ) starts at leader epoch 0 from offset 0 with partition epoch 0, high watermark 0, ISR [0], adding replicas [] and removing replicas [] . Previous leader epoch was -1. (state.change.logger)
[2023-10-04 14:14:50,479] INFO [Broker id=0] Finished LeaderAndIsr request in 158ms correlationId 9 from controller 0 for 5 partitions (state.change.logger)
[2023-10-04 14:14:50,485] INFO [Broker id=0] Add 5 partitions and deleted 0 partitions from metadata cache in response to UpdateMetadata request sent by controller 0 epoch 1 with correlation id 10 (state.change.logger)
[2023-10-04 14:14:50,643] INFO [Controller id=0 epoch=1] Changed partition connect-configs-0 state from NonExistentPartition to NewPartition with assigned replicas 0 (state.change.logger)
[2023-10-04 14:14:50,643] INFO [Controller id=0 epoch=1] Sending UpdateMetadata request to brokers HashSet() for 0 partitions (state.change.logger)
[2023-10-04 14:14:50,643] INFO [Controller id=0 epoch=1] Sending UpdateMetadata request to brokers HashSet() for 0 partitions (state.change.logger)
[2023-10-04 14:14:50,700] INFO [Controller id=0 epoch=1] Changed partition connect-configs-0 from NewPartition to OnlinePartition with state LeaderAndIsr(leader=0, leaderEpoch=0, isrWithBrokerEpoch=List(BrokerState(brokerId=0, brokerEpoch=-1)), leaderRecoveryState=RECOVERED, partitionEpoch=0) (state.change.logger)
[2023-10-04 14:14:50,700] INFO [Controller id=0 epoch=1] Sending LeaderAndIsr request to broker 0 with 1 become-leader and 0 become-follower partitions (state.change.logger)
[2023-10-04 14:14:50,700] INFO [Controller id=0 epoch=1] Sending UpdateMetadata request to brokers HashSet(0) for 1 partitions (state.change.logger)
[2023-10-04 14:14:50,700] INFO [Controller id=0 epoch=1] Sending UpdateMetadata request to brokers HashSet() for 0 partitions (state.change.logger)
[2023-10-04 14:14:50,702] INFO [Broker id=0] Handling LeaderAndIsr request correlationId 11 from controller 0 for 1 partitions (state.change.logger)
[2023-10-04 14:14:50,704] INFO [Broker id=0] Stopped fetchers as part of LeaderAndIsr request correlationId 11 from controller 0 epoch 1 as part of the become-leader transition for 1 partitions (state.change.logger)
[2023-10-04 14:14:50,705] INFO [Broker id=0] Leader connect-configs-0 with topic id Some(2aFFiNJPRXK765FqlK9ptQ) starts at leader epoch 0 from offset 0 with partition epoch 0, high watermark 0, ISR [0], adding replicas [] and removing replicas [] . Previous leader epoch was -1. (state.change.logger)
[2023-10-04 14:14:50,743] INFO [Broker id=0] Finished LeaderAndIsr request in 41ms correlationId 11 from controller 0 for 1 partitions (state.change.logger)
[2023-10-04 14:14:50,746] INFO [Broker id=0] Add 1 partitions and deleted 0 partitions from metadata cache in response to UpdateMetadata request sent by controller 0 epoch 1 with correlation id 12 (state.change.logger)
